#-----------------------------------------------------------
# Vivado v2024.1 (64-bit)
# SW Build 5076996 on Wed May 22 18:37:14 MDT 2024
# IP Build 5075265 on Wed May 22 21:45:21 MDT 2024
# SharedData Build 5076995 on Wed May 22 18:29:18 MDT 2024
# Start of session at: Wed Oct 16 17:02:54 2024
# Process ID: 10168
# Current directory: C:/Users/Luis/Pictures/Arquitectura-de-computadoras/Camino1Y2UnionMaqEstadosrRegALU
# Command line: vivado.exe -gui_launcher_event rodinguilauncherevent8328 C:\Users\Luis\Pictures\Arquitectura-de-computadoras\Camino1Y2UnionMaqEstadosrRegALU\Camino1Y2UnionMaqEstadosrRegALU.xpr
# Log file: C:/Users/Luis/Pictures/Arquitectura-de-computadoras/Camino1Y2UnionMaqEstadosrRegALU/vivado.log
# Journal file: C:/Users/Luis/Pictures/Arquitectura-de-computadoras/Camino1Y2UnionMaqEstadosrRegALU\vivado.jou
# Running On        :DESKTOP-L2EFQ98
# Platform          :Windows Server 2016 or Windows 10
# Operating System  :22631
# Processor Detail  :11th Gen Intel(R) Core(TM) i7-1165G7 @ 2.80GHz
# CPU Frequency     :2803 MHz
# CPU Physical cores:4
# CPU Logical cores :8
# Host memory       :16867 MB
# Swap memory       :2550 MB
# Total Virtual     :19417 MB
# Available Virtual :7124 MB
#-----------------------------------------------------------
start_gui
open_project C:/Users/Luis/Pictures/Arquitectura-de-computadoras/Camino1Y2UnionMaqEstadosrRegALU/Camino1Y2UnionMaqEstadosrRegALU.xpr
INFO: [ProjectBase 1-489] The host OS only allows 260 characters in a normal path. The project is stored in a path with more than 80 characters. If you experience issues with IP, Block Designs, or files not being found, please consider moving the project to a location with a shorter path. Alternately consider using the OS subst command to map part of the path to a drive letter.
Current project path is 'C:/Users/Luis/Pictures/Arquitectura-de-computadoras/Camino1Y2UnionMaqEstadosrRegALU'
WARNING: [Board 49-26] cannot add Board Part xilinx.com:kc705:part0:1.6 available at C:/Xilinx/Vivado/2024.1/data/xhub/boards/XilinxBoardStore/boards/Xilinx/kc705/1.6/board.xml as part xc7k325tffg900-2 specified in board_part file is either invalid or not available
WARNING: [Board 49-26] cannot add Board Part xilinx.com:kcu105:part0:1.6 available at C:/Xilinx/Vivado/2024.1/data/xhub/boards/XilinxBoardStore/boards/Xilinx/kcu105/1.6/board.xml as part xcku040-ffva1156-2-e specified in board_part file is either invalid or not available
WARNING: [Board 49-26] cannot add Board Part xilinx.com:kcu105:part0:1.7 available at C:/Xilinx/Vivado/2024.1/data/xhub/boards/XilinxBoardStore/boards/Xilinx/kcu105/1.7/board.xml as part xcku040-ffva1156-2-e specified in board_part file is either invalid or not available
WARNING: [Board 49-26] cannot add Board Part xilinx.com:kcu116:part0:1.4 available at C:/Xilinx/Vivado/2024.1/data/xhub/boards/XilinxBoardStore/boards/Xilinx/kcu116/1.4/board.xml as part xcku5p-ffvb676-2-e specified in board_part file is either invalid or not available
WARNING: [Board 49-26] cannot add Board Part xilinx.com:kcu116:part0:1.5 available at C:/Xilinx/Vivado/2024.1/data/xhub/boards/XilinxBoardStore/boards/Xilinx/kcu116/1.5/board.xml as part xcku5p-ffvb676-2-e specified in board_part file is either invalid or not available
WARNING: [Board 49-26] cannot add Board Part xilinx.com:kcu1500:part0:1.2 available at C:/Xilinx/Vivado/2024.1/data/xhub/boards/XilinxBoardStore/boards/Xilinx/kcu1500/1.2/board.xml as part xcku115-flvb2104-2-e specified in board_part file is either invalid or not available
WARNING: [Board 49-26] cannot add Board Part xilinx.com:sp701:part0:1.0 available at C:/Xilinx/Vivado/2024.1/data/xhub/boards/XilinxBoardStore/boards/Xilinx/sp701/1.0/board.xml as part xc7s100fgga676-2 specified in board_part file is either invalid or not available
WARNING: [Board 49-26] cannot add Board Part xilinx.com:sp701:part0:1.1 available at C:/Xilinx/Vivado/2024.1/data/xhub/boards/XilinxBoardStore/boards/Xilinx/sp701/1.1/board.xml as part xc7s100fgga676-2 specified in board_part file is either invalid or not available
WARNING: [Board 49-26] cannot add Board Part xilinx.com:vc707:part0:1.4 available at C:/Xilinx/Vivado/2024.1/data/xhub/boards/XilinxBoardStore/boards/Xilinx/vc707/1.4/board.xml as part xc7vx485tffg1761-2 specified in board_part file is either invalid or not available
WARNING: [Board 49-26] cannot add Board Part xilinx.com:vc709:part0:1.8 available at C:/Xilinx/Vivado/2024.1/data/xhub/boards/XilinxBoardStore/boards/Xilinx/vc709/1.8/board.xml as part xc7vx690tffg1761-2 specified in board_part file is either invalid or not available
WARNING: [Board 49-26] cannot add Board Part xilinx.com:vck190:part0:2.2 available at C:/Xilinx/Vivado/2024.1/data/xhub/boards/XilinxBoardStore/boards/Xilinx/vck190/production/2.2/board.xml as part xcvc1902-vsva2197-2mp-e-s specified in board_part file is either invalid or not available
WARNING: [Board 49-26] cannot add Board Part xilinx.com:vck190:part0:3.0 available at C:/Xilinx/Vivado/2024.1/data/xhub/boards/XilinxBoardStore/boards/Xilinx/vck190/production/3.0/board.xml as part xcvc1902-vsva2197-2mp-e-s specified in board_part file is either invalid or not available
WARNING: [Board 49-26] cannot add Board Part xilinx.com:vck190:part0:3.1 available at C:/Xilinx/Vivado/2024.1/data/xhub/boards/XilinxBoardStore/boards/Xilinx/vck190/production/3.1/board.xml as part xcvc1902-vsva2197-2mp-e-s specified in board_part file is either invalid or not available
WARNING: [Board 49-26] cannot add Board Part xilinx.com:vck190:part0:3.2 available at C:/Xilinx/Vivado/2024.1/data/xhub/boards/XilinxBoardStore/boards/Xilinx/vck190/production/3.2/board.xml as part xcvc1902-vsva2197-2mp-e-s specified in board_part file is either invalid or not available
WARNING: [Board 49-26] cannot add Board Part xilinx.com:vck190:part0:3.3 available at C:/Xilinx/Vivado/2024.1/data/xhub/boards/XilinxBoardStore/boards/Xilinx/vck190/production/3.3/board.xml as part xcvc1902-vsva2197-2mp-e-s specified in board_part file is either invalid or not available
WARNING: [Board 49-26] cannot add Board Part xilinx.com:vck190_newl:part0:1.0 available at C:/Xilinx/Vivado/2024.1/data/xhub/boards/XilinxBoardStore/boards/Xilinx/vck190_newl/production/1.0/board.xml as part xcvc1902-vsva2197-2mp-e-s specified in board_part file is either invalid or not available
WARNING: [Board 49-26] cannot add Board Part xilinx.com:vck190_newl:part0:1.1 available at C:/Xilinx/Vivado/2024.1/data/xhub/boards/XilinxBoardStore/boards/Xilinx/vck190_newl/production/1.1/board.xml as part xcvc1902-vsva2197-2mp-e-s specified in board_part file is either invalid or not available
WARNING: [Board 49-26] cannot add Board Part xilinx.com:vck190_newl:part0:1.2 available at C:/Xilinx/Vivado/2024.1/data/xhub/boards/XilinxBoardStore/boards/Xilinx/vck190_newl/production/1.2/board.xml as part xcvc1902-vsva2197-2mp-e-s specified in board_part file is either invalid or not available
WARNING: [Board 49-26] cannot add Board Part xilinx.com:vcu108:part0:1.6 available at C:/Xilinx/Vivado/2024.1/data/xhub/boards/XilinxBoardStore/boards/Xilinx/vcu108/1.6/board.xml as part xcvu095-ffva2104-2-e specified in board_part file is either invalid or not available
WARNING: [Board 49-26] cannot add Board Part xilinx.com:vcu108:part0:1.7 available at C:/Xilinx/Vivado/2024.1/data/xhub/boards/XilinxBoardStore/boards/Xilinx/vcu108/1.7/board.xml as part xcvu095-ffva2104-2-e specified in board_part file is either invalid or not available
WARNING: [Board 49-26] cannot add Board Part xilinx.com:vcu110:part0:1.4 available at C:/Xilinx/Vivado/2024.1/data/xhub/boards/XilinxBoardStore/boards/Xilinx/vcu110/1.4/board.xml as part xcvu190-flgc2104-2-e specified in board_part file is either invalid or not available
WARNING: [Board 49-26] cannot add Board Part xilinx.com:vcu118:part0:2.0 available at C:/Xilinx/Vivado/2024.1/data/xhub/boards/XilinxBoardStore/boards/Xilinx/vcu118/2.0/board.xml as part xcvu9p-flga2104-2l-e specified in board_part file is either invalid or not available
WARNING: [Board 49-26] cannot add Board Part xilinx.com:vcu118:part0:2.3 available at C:/Xilinx/Vivado/2024.1/data/xhub/boards/XilinxBoardStore/boards/Xilinx/vcu118/2.3/board.xml as part xcvu9p-flga2104-2l-e specified in board_part file is either invalid or not available
WARNING: [Board 49-26] cannot add Board Part xilinx.com:vcu118:part0:2.4 available at C:/Xilinx/Vivado/2024.1/data/xhub/boards/XilinxBoardStore/boards/Xilinx/vcu118/2.4/board.xml as part xcvu9p-flga2104-2l-e specified in board_part file is either invalid or not available
WARNING: [Board 49-26] cannot add Board Part xilinx.com:vcu128:part0:1.0 available at C:/Xilinx/Vivado/2024.1/data/xhub/boards/XilinxBoardStore/boards/Xilinx/vcu128/production/1.0/board.xml as part xcvu37p-fsvh2892-2l-e specified in board_part file is either invalid or not available
WARNING: [Board 49-26] cannot add Board Part xilinx.com:vcu129:part0:1.0 available at C:/Xilinx/Vivado/2024.1/data/xhub/boards/XilinxBoardStore/boards/Xilinx/vcu129/production/1.0/board.xml as part xcvu29p-fsga2577-2l-e specified in board_part file is either invalid or not available
WARNING: [Board 49-26] cannot add Board Part xilinx.com:vcu1525:part0:1.3 available at C:/Xilinx/Vivado/2024.1/data/xhub/boards/XilinxBoardStore/boards/Xilinx/vcu1525/1.3/board.xml as part xcvu9p-fsgd2104-2l-e specified in board_part file is either invalid or not available
WARNING: [Board 49-26] cannot add Board Part xilinx.com:vek280:part0:1.0 available at C:/Xilinx/Vivado/2024.1/data/xhub/boards/XilinxBoardStore/boards/Xilinx/vek280/production/1.0/board.xml as part xcve2802-vsvh1760-2mp-e-s specified in board_part file is either invalid or not available
WARNING: [Board 49-26] cannot add Board Part xilinx.com:vek280:part0:1.1 available at C:/Xilinx/Vivado/2024.1/data/xhub/boards/XilinxBoardStore/boards/Xilinx/vek280/production/1.1/board.xml as part xcve2802-vsvh1760-2mp-e-s specified in board_part file is either invalid or not available
WARNING: [Board 49-26] cannot add Board Part xilinx.com:vek280:part0:1.2 available at C:/Xilinx/Vivado/2024.1/data/xhub/boards/XilinxBoardStore/boards/Xilinx/vek280/production/1.2/board.xml as part xcve2802-vsvh1760-2mp-e-s specified in board_part file is either invalid or not available
WARNING: [Board 49-26] cannot add Board Part xilinx.com:vek280_es:part0:1.0 available at C:/Xilinx/Vivado/2024.1/data/xhub/boards/XilinxBoardStore/boards/Xilinx/vek280/es/rev_a/1.0/board.xml as part xcve2802-vsvh1760-2lp-e-s-es1 specified in board_part file is either invalid or not available
WARNING: [Board 49-26] cannot add Board Part xilinx.com:vek280_es:part0:1.1 available at C:/Xilinx/Vivado/2024.1/data/xhub/boards/XilinxBoardStore/boards/Xilinx/vek280/es/rev_a/1.1/board.xml as part xcve2802-vsvh1760-2lp-e-s-es1 specified in board_part file is either invalid or not available
WARNING: [Board 49-26] cannot add Board Part xilinx.com:vek280_es_revb:part0:1.0 available at C:/Xilinx/Vivado/2024.1/data/xhub/boards/XilinxBoardStore/boards/Xilinx/vek280/es/rev_b/1.0/board.xml as part xcve2802-vsvh1760-2mp-e-s-es1 specified in board_part file is either invalid or not available
WARNING: [Board 49-26] cannot add Board Part xilinx.com:vek280_es_revb:part0:1.1 available at C:/Xilinx/Vivado/2024.1/data/xhub/boards/XilinxBoardStore/boards/Xilinx/vek280/es/rev_b/1.1/board.xml as part xcve2802-vsvh1760-2mp-e-s-es1 specified in board_part file is either invalid or not available
WARNING: [Board 49-26] cannot add Board Part xilinx.com:vermeo_t1_mpsoc:part0:1.0 available at C:/Xilinx/Vivado/2024.1/data/xhub/boards/XilinxBoardStore/boards/Xilinx/vermeo_t1_mpsoc/1.0/board.xml as part xczu19eg-ffvd1760-2l-e specified in board_part file is either invalid or not available
WARNING: [Board 49-26] cannot add Board Part xilinx.com:vermeo_t1_rfsoc:part0:1.0 available at C:/Xilinx/Vivado/2024.1/data/xhub/boards/XilinxBoardStore/boards/Xilinx/vermeo_t1_rfsoc/1.0/board.xml as part xczu21dr-ffvd1156-2l-e specified in board_part file is either invalid or not available
WARNING: [Board 49-26] cannot add Board Part xilinx.com:vhk158:part0:1.0 available at C:/Xilinx/Vivado/2024.1/data/xhub/boards/XilinxBoardStore/boards/Xilinx/vhk158/production/1.0/board.xml as part xcvh1582-vsva3697-2mp-e-s specified in board_part file is either invalid or not available
WARNING: [Board 49-26] cannot add Board Part xilinx.com:vhk158:part0:1.1 available at C:/Xilinx/Vivado/2024.1/data/xhub/boards/XilinxBoardStore/boards/Xilinx/vhk158/production/1.1/board.xml as part xcvh1582-vsva3697-2mp-e-s specified in board_part file is either invalid or not available
WARNING: [Board 49-26] cannot add Board Part xilinx.com:vhk158_es:part0:1.0 available at C:/Xilinx/Vivado/2024.1/data/xhub/boards/XilinxBoardStore/boards/Xilinx/vhk158/es/1.0/board.xml as part xcvh1582-vsva3697-2mp-e-s-es1 specified in board_part file is either invalid or not available
WARNING: [Board 49-26] cannot add Board Part xilinx.com:vhk158_es:part0:1.1 available at C:/Xilinx/Vivado/2024.1/data/xhub/boards/XilinxBoardStore/boards/Xilinx/vhk158/es/1.1/board.xml as part xcvh1582-vsva3697-2mp-e-s-es1 specified in board_part file is either invalid or not available
WARNING: [Board 49-26] cannot add Board Part xilinx.com:vmk180:part0:2.2 available at C:/Xilinx/Vivado/2024.1/data/xhub/boards/XilinxBoardStore/boards/Xilinx/vmk180/production/2.2/board.xml as part xcvm1802-vsva2197-2mp-e-s specified in board_part file is either invalid or not available
WARNING: [Board 49-26] cannot add Board Part xilinx.com:vmk180:part0:3.0 available at C:/Xilinx/Vivado/2024.1/data/xhub/boards/XilinxBoardStore/boards/Xilinx/vmk180/production/3.0/board.xml as part xcvm1802-vsva2197-2mp-e-s specified in board_part file is either invalid or not available
WARNING: [Board 49-26] cannot add Board Part xilinx.com:vmk180:part0:3.1 available at C:/Xilinx/Vivado/2024.1/data/xhub/boards/XilinxBoardStore/boards/Xilinx/vmk180/production/3.1/board.xml as part xcvm1802-vsva2197-2mp-e-s specified in board_part file is either invalid or not available
WARNING: [Board 49-26] cannot add Board Part xilinx.com:vmk180:part0:3.2 available at C:/Xilinx/Vivado/2024.1/data/xhub/boards/XilinxBoardStore/boards/Xilinx/vmk180/production/3.2/board.xml as part xcvm1802-vsva2197-2mp-e-s specified in board_part file is either invalid or not available
WARNING: [Board 49-26] cannot add Board Part xilinx.com:vmk180_newl:part0:1.0 available at C:/Xilinx/Vivado/2024.1/data/xhub/boards/XilinxBoardStore/boards/Xilinx/vmk180_newl/production/1.0/board.xml as part xcvm1802-vsva2197-2mp-e-s specified in board_part file is either invalid or not available
WARNING: [Board 49-26] cannot add Board Part xilinx.com:vmk180_newl:part0:1.1 available at C:/Xilinx/Vivado/2024.1/data/xhub/boards/XilinxBoardStore/boards/Xilinx/vmk180_newl/production/1.1/board.xml as part xcvm1802-vsva2197-2mp-e-s specified in board_part file is either invalid or not available
WARNING: [Board 49-26] cannot add Board Part xilinx.com:vpk120:part0:1.0 available at C:/Xilinx/Vivado/2024.1/data/xhub/boards/XilinxBoardStore/boards/Xilinx/vpk120/production/1.0/board.xml as part xcvp1202-vsva2785-2mp-e-s specified in board_part file is either invalid or not available
WARNING: [Board 49-26] cannot add Board Part xilinx.com:vpk120:part0:1.1 available at C:/Xilinx/Vivado/2024.1/data/xhub/boards/XilinxBoardStore/boards/Xilinx/vpk120/production/1.1/board.xml as part xcvp1202-vsva2785-2mp-e-s specified in board_part file is either invalid or not available
WARNING: [Board 49-26] cannot add Board Part xilinx.com:vpk120:part0:1.2 available at C:/Xilinx/Vivado/2024.1/data/xhub/boards/XilinxBoardStore/boards/Xilinx/vpk120/production/1.2/board.xml as part xcvp1202-vsva2785-2mp-e-s specified in board_part file is either invalid or not available
WARNING: [Board 49-26] cannot add Board Part xilinx.com:vpk180:part0:1.0 available at C:/Xilinx/Vivado/2024.1/data/xhub/boards/XilinxBoardStore/boards/Xilinx/vpk180/production/1.0/board.xml as part xcvp1802-lsvc4072-2mp-e-s specified in board_part file is either invalid or not available
WARNING: [Board 49-26] cannot add Board Part xilinx.com:vpk180:part0:1.1 available at C:/Xilinx/Vivado/2024.1/data/xhub/boards/XilinxBoardStore/boards/Xilinx/vpk180/production/1.1/board.xml as part xcvp1802-lsvc4072-2mp-e-s specified in board_part file is either invalid or not available
WARNING: [Board 49-26] cannot add Board Part xilinx.com:vpk180:part0:1.2 available at C:/Xilinx/Vivado/2024.1/data/xhub/boards/XilinxBoardStore/boards/Xilinx/vpk180/production/1.2/board.xml as part xcvp1802-lsvc4072-2mp-e-s specified in board_part file is either invalid or not available
WARNING: [Board 49-26] cannot add Board Part xilinx.com:zc702:part0:1.4 available at C:/Xilinx/Vivado/2024.1/data/xhub/boards/XilinxBoardStore/boards/Xilinx/zc702/1.4/board.xml as part xc7z020clg484-1 specified in board_part file is either invalid or not available
WARNING: [Board 49-26] cannot add Board Part xilinx.com:zc706:part0:1.4 available at C:/Xilinx/Vivado/2024.1/data/xhub/boards/XilinxBoardStore/boards/Xilinx/zc706/1.4/board.xml as part xc7z045ffg900-2 specified in board_part file is either invalid or not available
WARNING: [Board 49-26] cannot add Board Part xilinx.com:zcu102:part0:3.3 available at C:/Xilinx/Vivado/2024.1/data/xhub/boards/XilinxBoardStore/boards/Xilinx/zcu102/3.3/board.xml as part xczu9eg-ffvb1156-2-e specified in board_part file is either invalid or not available
WARNING: [Board 49-26] cannot add Board Part xilinx.com:zcu102:part0:3.4 available at C:/Xilinx/Vivado/2024.1/data/xhub/boards/XilinxBoardStore/boards/Xilinx/zcu102/3.4/board.xml as part xczu9eg-ffvb1156-2-e specified in board_part file is either invalid or not available
WARNING: [Board 49-26] cannot add Board Part xilinx.com:zcu104:part0:1.1 available at C:/Xilinx/Vivado/2024.1/data/xhub/boards/XilinxBoardStore/boards/Xilinx/zcu104/1.1/board.xml as part xczu7ev-ffvc1156-2-e specified in board_part file is either invalid or not available
WARNING: [Board 49-26] cannot add Board Part xilinx.com:zcu106:part0:2.4 available at C:/Xilinx/Vivado/2024.1/data/xhub/boards/XilinxBoardStore/boards/Xilinx/zcu106/2.4/board.xml as part xczu7ev-ffvc1156-2-e specified in board_part file is either invalid or not available
WARNING: [Board 49-26] cannot add Board Part xilinx.com:zcu106:part0:2.5 available at C:/Xilinx/Vivado/2024.1/data/xhub/boards/XilinxBoardStore/boards/Xilinx/zcu106/2.5/board.xml as part xczu7ev-ffvc1156-2-e specified in board_part file is either invalid or not available
WARNING: [Board 49-26] cannot add Board Part xilinx.com:zcu106:part0:2.6 available at C:/Xilinx/Vivado/2024.1/data/xhub/boards/XilinxBoardStore/boards/Xilinx/zcu106/2.6/board.xml as part xczu7ev-ffvc1156-2-e specified in board_part file is either invalid or not available
WARNING: [Board 49-26] cannot add Board Part xilinx.com:zcu111:part0:1.2 available at C:/Xilinx/Vivado/2024.1/data/xhub/boards/XilinxBoardStore/boards/Xilinx/zcu111/1.2/board.xml as part xczu28dr-ffvg1517-2-e specified in board_part file is either invalid or not available
WARNING: [Board 49-26] cannot add Board Part xilinx.com:zcu111:part0:1.3 available at C:/Xilinx/Vivado/2024.1/data/xhub/boards/XilinxBoardStore/boards/Xilinx/zcu111/1.3/board.xml as part xczu28dr-ffvg1517-2-e specified in board_part file is either invalid or not available
WARNING: [Board 49-26] cannot add Board Part xilinx.com:zcu111:part0:1.4 available at C:/Xilinx/Vivado/2024.1/data/xhub/boards/XilinxBoardStore/boards/Xilinx/zcu111/1.4/board.xml as part xczu28dr-ffvg1517-2-e specified in board_part file is either invalid or not available
WARNING: [Board 49-26] cannot add Board Part xilinx.com:zcu1275:part0:1.0 available at C:/Xilinx/Vivado/2024.1/data/xhub/boards/XilinxBoardStore/boards/Xilinx/zcu1275/1.0/board.xml as part xczu29dr-ffvf1760-2-e specified in board_part file is either invalid or not available
WARNING: [Board 49-26] cannot add Board Part xilinx.com:zcu1285:part0:1.0 available at C:/Xilinx/Vivado/2024.1/data/xhub/boards/XilinxBoardStore/boards/Xilinx/zcu1285/1.0/board.xml as part xczu39dr-ffvf1760-2-i specified in board_part file is either invalid or not available
WARNING: [Board 49-26] cannot add Board Part xilinx.com:zcu208:part0:2.0 available at C:/Xilinx/Vivado/2024.1/data/xhub/boards/XilinxBoardStore/boards/Xilinx/zcu208/production/2.0/board.xml as part xczu48dr-fsvg1517-2-e specified in board_part file is either invalid or not available
WARNING: [Board 49-26] cannot add Board Part xilinx.com:zcu208ld:part0:2.0 available at C:/Xilinx/Vivado/2024.1/data/xhub/boards/XilinxBoardStore/boards/Xilinx/zcu208ld/production/2.0/board.xml as part xczu58dr-fsvg1517-2-i specified in board_part file is either invalid or not available
WARNING: [Board 49-26] cannot add Board Part xilinx.com:zcu216:part0:2.0 available at C:/Xilinx/Vivado/2024.1/data/xhub/boards/XilinxBoardStore/boards/Xilinx/zcu216/production/2.0/board.xml as part xczu49dr-ffvf1760-2-e specified in board_part file is either invalid or not available
WARNING: [Board 49-26] cannot add Board Part xilinx.com:zcu216ld:part0:2.0 available at C:/Xilinx/Vivado/2024.1/data/xhub/boards/XilinxBoardStore/boards/Xilinx/zcu216ld/production/2.0/board.xml as part xczu59dr-ffvf1760-2-i specified in board_part file is either invalid or not available
WARNING: [Board 49-26] cannot add Board Part xilinx.com:zcu670:part0:2.0 available at C:/Xilinx/Vivado/2024.1/data/xhub/boards/XilinxBoardStore/boards/Xilinx/zcu670/2.0/board.xml as part xczu67dr-fsve1156-2-i specified in board_part file is either invalid or not available
WARNING: [Board 49-26] cannot add Board Part xilinx.com:zcu670ld:part0:1.0 available at C:/Xilinx/Vivado/2024.1/data/xhub/boards/XilinxBoardStore/boards/Xilinx/zcu670ld/1.0/board.xml as part xczu57dr-fsve1156-2-i specified in board_part file is either invalid or not available
INFO: [filemgmt 56-3] Default IP Output Path : Could not find the directory 'C:/Users/Luis/Pictures/Arquitectura-de-computadoras/Camino1Y2UnionMaqEstadosrRegALU/Camino1Y2UnionMaqEstadosrRegALU.gen/sources_1'.
Scanning sources...
Finished scanning sources
INFO: [IP_Flow 19-234] Refreshing IP repositories
INFO: [IP_Flow 19-1704] No user IP repositories specified
INFO: [IP_Flow 19-2313] Loaded Vivado IP repository 'C:/Xilinx/Vivado/2024.1/data/ip'.
open_project: Time (s): cpu = 00:00:08 ; elapsed = 00:00:09 . Memory (MB): peak = 1475.488 ; gain = 382.445
update_compile_order -fileset sources_1
launch_simulation
Command: launch_simulation 
INFO: [Vivado 12-12493] Simulation top is 'UnionCaminos1Y2MaqEstados'
WARNING: [Vivado 12-13340] Unable to auto find GCC executables from simulator install path! (path not set)
boost::filesystem::remove: The process cannot access the file because it is being used by another process: "C:/Users/Luis/Pictures/Arquitectura-de-computadoras/Camino1Y2UnionMaqEstadosrRegALU/Camino1Y2UnionMaqEstadosrRegALU.sim/sim_1/behav/xsim/simulate.log"
launch_simulation
Command: launch_simulation 
INFO: [Vivado 12-12493] Simulation top is 'UnionCaminos1Y2MaqEstados'
WARNING: [Vivado 12-13340] Unable to auto find GCC executables from simulator install path! (path not set)
boost::filesystem::remove: The process cannot access the file because it is being used by another process: "C:/Users/Luis/Pictures/Arquitectura-de-computadoras/Camino1Y2UnionMaqEstadosrRegALU/Camino1Y2UnionMaqEstadosrRegALU.sim/sim_1/behav/xsim/simulate.log"
launch_simulation
Command: launch_simulation 
INFO: [Vivado 12-12493] Simulation top is 'UnionCaminos1Y2MaqEstados'
WARNING: [Vivado 12-13340] Unable to auto find GCC executables from simulator install path! (path not set)
boost::filesystem::remove: The process cannot access the file because it is being used by another process: "C:/Users/Luis/Pictures/Arquitectura-de-computadoras/Camino1Y2UnionMaqEstadosrRegALU/Camino1Y2UnionMaqEstadosrRegALU.sim/sim_1/behav/xsim/simulate.log"
launch_simulation
Command: launch_simulation 
INFO: [Vivado 12-12493] Simulation top is 'UnionCaminos1Y2MaqEstados'
WARNING: [Vivado 12-13340] Unable to auto find GCC executables from simulator install path! (path not set)
INFO: [Vivado 12-5682] Launching behavioral simulation in 'C:/Users/Luis/Pictures/Arquitectura-de-computadoras/Camino1Y2UnionMaqEstadosrRegALU/Camino1Y2UnionMaqEstadosrRegALU.sim/sim_1/behav/xsim'
INFO: [SIM-utils-51] Simulation object is 'sim_1'
INFO: [SIM-utils-72] Using boost library from 'C:/Xilinx/Vivado/2024.1/tps/boost_1_72_0'
INFO: [SIM-utils-54] Inspecting design source files for 'UnionCaminos1Y2MaqEstados' in fileset 'sim_1'...
INFO: [USF-XSim-97] Finding global include files...
INFO: [USF-XSim-98] Fetching design files from 'sim_1'...
INFO: [USF-XSim-2] XSim::Compile design
INFO: [USF-XSim-61] Executing 'COMPILE and ANALYZE' step in 'C:/Users/Luis/Pictures/Arquitectura-de-computadoras/Camino1Y2UnionMaqEstadosrRegALU/Camino1Y2UnionMaqEstadosrRegALU.sim/sim_1/behav/xsim'
"xvhdl --incr --relax -prj UnionCaminos1Y2MaqEstados_vhdl.prj"
INFO: [USF-XSim-69] 'compile' step finished in '2' seconds
INFO: [USF-XSim-3] XSim::Elaborate design
INFO: [USF-XSim-61] Executing 'ELABORATE' step in 'C:/Users/Luis/Pictures/Arquitectura-de-computadoras/Camino1Y2UnionMaqEstadosrRegALU/Camino1Y2UnionMaqEstadosrRegALU.sim/sim_1/behav/xsim'
"xelab --incr --debug typical --relax --mt 2 -L xil_defaultlib -L secureip --snapshot UnionCaminos1Y2MaqEstados_behav xil_defaultlib.UnionCaminos1Y2MaqEstados -log elaborate.log"
Vivado Simulator v2024.1
Copyright 1986-2022 Xilinx, Inc. All Rights Reserved.
Copyright 2022-2024 Advanced Micro Devices, Inc. All Rights Reserved.
Running: C:/Xilinx/Vivado/2024.1/bin/unwrapped/win64.o/xelab.exe --incr --debug typical --relax --mt 2 -L xil_defaultlib -L secureip --snapshot UnionCaminos1Y2MaqEstados_behav xil_defaultlib.UnionCaminos1Y2MaqEstados -log elaborate.log 
Using 2 slave threads.
Starting static elaboration
Completed static elaboration
INFO: [XSIM 43-4323] No Change in HDL. Linking previously generated obj files to create kernel
INFO: [USF-XSim-69] 'elaborate' step finished in '2' seconds
INFO: [USF-XSim-4] XSim::Simulate design
INFO: [USF-XSim-61] Executing 'SIMULATE' step in 'C:/Users/Luis/Pictures/Arquitectura-de-computadoras/Camino1Y2UnionMaqEstadosrRegALU/Camino1Y2UnionMaqEstadosrRegALU.sim/sim_1/behav/xsim'
INFO: [USF-XSim-98] *** Running xsim
   with args "UnionCaminos1Y2MaqEstados_behav -key {Behavioral:sim_1:Functional:UnionCaminos1Y2MaqEstados} -tclbatch {UnionCaminos1Y2MaqEstados.tcl} -log {simulate.log}"
INFO: [USF-XSim-8] Loading simulator feature
Time resolution is 1 ps
source UnionCaminos1Y2MaqEstados.tcl
# set curr_wave [current_wave_config]
# if { [string length $curr_wave] == 0 } {
#   if { [llength [get_objects]] > 0} {
#     add_wave /
#     set_property needs_save false [current_wave_config]
#   } else {
#      send_msg_id Add_Wave-1 WARNING "No top level signals found. Simulator will start without a wave window. If you want to open a wave window go to 'File->New Waveform Configuration' or type 'create_wave_config' in the TCL console."
#   }
# }
# run 1000ns
INFO: [USF-XSim-96] XSim completed. Design snapshot 'UnionCaminos1Y2MaqEstados_behav' loaded.
INFO: [USF-XSim-97] XSim simulation ran for 1000ns
launch_simulation: Time (s): cpu = 00:00:01 ; elapsed = 00:00:07 . Memory (MB): peak = 1548.930 ; gain = 24.281
add_force {/UnionCaminos1Y2MaqEstados/clk} -radix hex {1 0ns} {0 500000000000ps} -repeat_every 1000000000000ps -cancel_after 50s
add_force {/UnionCaminos1Y2MaqEstados/reset} -radix hex {0 0ns}
run 1 s
run 1 s
run 1 s
run 1 s
close_sim
INFO: [Simtcl 6-16] Simulation closed
WARNING: [filemgmt 56-199] Attempt to get parsing info during refresh. "On-the-fly" syntax checking information may be incorrect. [C:\Users\Luis\Pictures\Arquitectura-de-computadoras\CaminoDeDatos2\CaminoDeDatos2.srcs\sources_1\new\ram.vhd:]
WARNING: [filemgmt 56-199] Attempt to get parsing info during refresh. "On-the-fly" syntax checking information may be incorrect. [C:\Users\Luis\Pictures\Arquitectura-de-computadoras\Camino1Y2UnionMaqEstadosrRegALU\Camino1Y2UnionMaqEstadosrRegALU.srcs\sources_1\new\UnionCaminos1Y2MaqEstados.vhd:]
WARNING: [filemgmt 56-199] Attempt to get parsing info during refresh. "On-the-fly" syntax checking information may be incorrect. [C:\Users\Luis\Pictures\Arquitectura-de-computadoras\CaminoDeDatos2\CaminoDeDatos2.srcs\sources_1\new\ram.vhd:]
WARNING: [filemgmt 56-199] Attempt to get parsing info during refresh. "On-the-fly" syntax checking information may be incorrect. [C:\Users\Luis\Pictures\Arquitectura-de-computadoras\CaminoDeDatos2\CaminoDeDatos2.srcs\sources_1\new\ram.vhd:]
ERROR: [Common 17-180] Spawn failed: No error
launch_simulation
Command: launch_simulation 
INFO: [Vivado 12-12493] Simulation top is 'UnionCaminos1Y2MaqEstados'
WARNING: [Vivado 12-13340] Unable to auto find GCC executables from simulator install path! (path not set)
INFO: [Vivado 12-5682] Launching behavioral simulation in 'C:/Users/Luis/Pictures/Arquitectura-de-computadoras/Camino1Y2UnionMaqEstadosrRegALU/Camino1Y2UnionMaqEstadosrRegALU.sim/sim_1/behav/xsim'
INFO: [SIM-utils-51] Simulation object is 'sim_1'
INFO: [SIM-utils-72] Using boost library from 'C:/Xilinx/Vivado/2024.1/tps/boost_1_72_0'
INFO: [SIM-utils-54] Inspecting design source files for 'UnionCaminos1Y2MaqEstados' in fileset 'sim_1'...
INFO: [USF-XSim-97] Finding global include files...
INFO: [USF-XSim-98] Fetching design files from 'sim_1'...
INFO: [USF-XSim-2] XSim::Compile design
INFO: [USF-XSim-61] Executing 'COMPILE and ANALYZE' step in 'C:/Users/Luis/Pictures/Arquitectura-de-computadoras/Camino1Y2UnionMaqEstadosrRegALU/Camino1Y2UnionMaqEstadosrRegALU.sim/sim_1/behav/xsim'
"xvhdl --incr --relax -prj UnionCaminos1Y2MaqEstados_vhdl.prj"
INFO: [VRFC 10-163] Analyzing VHDL file "C:/Users/Luis/Pictures/Arquitectura-de-computadoras/CaminoDeDatos2/CaminoDeDatos2.srcs/sources_1/new/ram.vhd" into library xil_defaultlib
INFO: [VRFC 10-3107] analyzing entity 'ram'
INFO: [USF-XSim-69] 'compile' step finished in '2' seconds
INFO: [USF-XSim-3] XSim::Elaborate design
INFO: [USF-XSim-61] Executing 'ELABORATE' step in 'C:/Users/Luis/Pictures/Arquitectura-de-computadoras/Camino1Y2UnionMaqEstadosrRegALU/Camino1Y2UnionMaqEstadosrRegALU.sim/sim_1/behav/xsim'
"xelab --incr --debug typical --relax --mt 2 -L xil_defaultlib -L secureip --snapshot UnionCaminos1Y2MaqEstados_behav xil_defaultlib.UnionCaminos1Y2MaqEstados -log elaborate.log"
Vivado Simulator v2024.1
Copyright 1986-2022 Xilinx, Inc. All Rights Reserved.
Copyright 2022-2024 Advanced Micro Devices, Inc. All Rights Reserved.
Running: C:/Xilinx/Vivado/2024.1/bin/unwrapped/win64.o/xelab.exe --incr --debug typical --relax --mt 2 -L xil_defaultlib -L secureip --snapshot UnionCaminos1Y2MaqEstados_behav xil_defaultlib.UnionCaminos1Y2MaqEstados -log elaborate.log 
Using 2 slave threads.
Starting static elaboration
Completed static elaboration
INFO: [XSIM 43-4323] No Change in HDL. Linking previously generated obj files to create kernel
INFO: [USF-XSim-69] 'elaborate' step finished in '2' seconds
INFO: [USF-XSim-4] XSim::Simulate design
INFO: [USF-XSim-61] Executing 'SIMULATE' step in 'C:/Users/Luis/Pictures/Arquitectura-de-computadoras/Camino1Y2UnionMaqEstadosrRegALU/Camino1Y2UnionMaqEstadosrRegALU.sim/sim_1/behav/xsim'
INFO: [USF-XSim-98] *** Running xsim
   with args "UnionCaminos1Y2MaqEstados_behav -key {Behavioral:sim_1:Functional:UnionCaminos1Y2MaqEstados} -tclbatch {UnionCaminos1Y2MaqEstados.tcl} -log {simulate.log}"
INFO: [USF-XSim-8] Loading simulator feature
Time resolution is 1 ps
source UnionCaminos1Y2MaqEstados.tcl
# set curr_wave [current_wave_config]
# if { [string length $curr_wave] == 0 } {
#   if { [llength [get_objects]] > 0} {
#     add_wave /
#     set_property needs_save false [current_wave_config]
#   } else {
#      send_msg_id Add_Wave-1 WARNING "No top level signals found. Simulator will start without a wave window. If you want to open a wave window go to 'File->New Waveform Configuration' or type 'create_wave_config' in the TCL console."
#   }
# }
# run 1000ns
INFO: [USF-XSim-96] XSim completed. Design snapshot 'UnionCaminos1Y2MaqEstados_behav' loaded.
INFO: [USF-XSim-97] XSim simulation ran for 1000ns
launch_simulation: Time (s): cpu = 00:00:01 ; elapsed = 00:00:06 . Memory (MB): peak = 1552.027 ; gain = 3.098
add_force {/UnionCaminos1Y2MaqEstados/clk} -radix hex {0 0ns} {1 500000000000ps} -repeat_every 1000000000000ps -cancel_after 50s
add_force {/UnionCaminos1Y2MaqEstados/reset} -radix hex {0 0ns}
run 1 s
run 1 s
run 1 s
run 1 s
run 1 s
run 1 s
run 1 s
close_sim
INFO: [Simtcl 6-16] Simulation closed
WARNING: [filemgmt 56-199] Attempt to get parsing info during refresh. "On-the-fly" syntax checking information may be incorrect. [C:\Users\Luis\Pictures\Arquitectura-de-computadoras\UnionCamino2Y3\UnionCamino2Y3.srcs\sources_1\new\Alu.vhd:]
WARNING: [filemgmt 56-199] Attempt to get parsing info during refresh. "On-the-fly" syntax checking information may be incorrect. [C:\Users\Luis\Pictures\Arquitectura-de-computadoras\Camino1Y2UnionMaqEstadosrRegALU\Camino1Y2UnionMaqEstadosrRegALU.srcs\sources_1\new\RegistroALU.vhd:]
WARNING: [filemgmt 56-199] Attempt to get parsing info during refresh. "On-the-fly" syntax checking information may be incorrect. [C:\Users\Luis\Pictures\Arquitectura-de-computadoras\CaminoDeDatos2\CaminoDeDatos2.srcs\sources_1\new\ram.vhd:]
WARNING: [filemgmt 56-199] Attempt to get parsing info during refresh. "On-the-fly" syntax checking information may be incorrect. [C:\Users\Luis\Pictures\Arquitectura-de-computadoras\CaminoDeDatos2\CaminoDeDatos2.srcs\sources_1\new\Union_Ram_Decodificador_Suma.vhd:]
WARNING: [filemgmt 56-199] Attempt to get parsing info during refresh. "On-the-fly" syntax checking information may be incorrect. [C:\Users\Luis\Pictures\Arquitectura-de-computadoras\CaminoDeDatos2\CaminoDeDatos2.srcs\sources_1\new\Union_Ram_Decodificador_Suma.vhd:]
WARNING: [filemgmt 56-199] Attempt to get parsing info during refresh. "On-the-fly" syntax checking information may be incorrect. [C:\Users\Luis\Pictures\Arquitectura-de-computadoras\CaminoDeDatos2\CaminoDeDatos2.srcs\sources_1\new\Union_Ram_Decodificador_Suma.vhd:]
WARNING: [filemgmt 56-199] Attempt to get parsing info during refresh. "On-the-fly" syntax checking information may be incorrect. [C:\Users\Luis\Pictures\Arquitectura-de-computadoras\UnionCamino2Y3\UnionCamino2Y3.srcs\sources_1\new\Alu.vhd:]
WARNING: [filemgmt 56-199] Attempt to get parsing info during refresh. "On-the-fly" syntax checking information may be incorrect. [C:\Users\Luis\Pictures\Arquitectura-de-computadoras\Camino1Y2UnionMaqEstadosrRegALU\Camino1Y2UnionMaqEstadosrRegALU.srcs\sources_1\new\RegistroALU.vhd:]
WARNING: [filemgmt 56-199] Attempt to get parsing info during refresh. "On-the-fly" syntax checking information may be incorrect. [C:\Users\Luis\Pictures\Arquitectura-de-computadoras\CaminoDeDatos2\CaminoDeDatos2.srcs\sources_1\new\ram.vhd:]
WARNING: [filemgmt 56-199] Attempt to get parsing info during refresh. "On-the-fly" syntax checking information may be incorrect. [C:\Users\Luis\Pictures\Arquitectura-de-computadoras\CaminoDeDatos2\CaminoDeDatos2.srcs\sources_1\new\Union_Ram_Decodificador_Suma.vhd:]
WARNING: [filemgmt 56-199] Attempt to get parsing info during refresh. "On-the-fly" syntax checking information may be incorrect. [C:\Users\Luis\Pictures\Arquitectura-de-computadoras\UnionCamino2Y3\UnionCamino2Y3.srcs\sources_1\new\Alu.vhd:]
WARNING: [filemgmt 56-199] Attempt to get parsing info during refresh. "On-the-fly" syntax checking information may be incorrect. [C:\Users\Luis\Pictures\Arquitectura-de-computadoras\UnionCamino2Y3\UnionCamino2Y3.srcs\sources_1\new\Alu.vhd:]
WARNING: [filemgmt 56-199] Attempt to get parsing info during refresh. "On-the-fly" syntax checking information may be incorrect. [C:\Users\Luis\Pictures\Arquitectura-de-computadoras\UnionCamino2Y3\UnionCamino2Y3.srcs\sources_1\new\Alu.vhd:]
WARNING: [filemgmt 56-199] Attempt to get parsing info during refresh. "On-the-fly" syntax checking information may be incorrect. [C:\Users\Luis\Pictures\Arquitectura-de-computadoras\Camino1Y2UnionMaqEstadosrRegALU\Camino1Y2UnionMaqEstadosrRegALU.srcs\sources_1\new\RegistroALU.vhd:]
WARNING: [filemgmt 56-199] Attempt to get parsing info during refresh. "On-the-fly" syntax checking information may be incorrect. [C:\Users\Luis\Pictures\Arquitectura-de-computadoras\CaminoDeDatos2\CaminoDeDatos2.srcs\sources_1\new\ram.vhd:]
WARNING: [filemgmt 56-199] Attempt to get parsing info during refresh. "On-the-fly" syntax checking information may be incorrect. [C:\Users\Luis\Pictures\Arquitectura-de-computadoras\CaminoDeDatos2\CaminoDeDatos2.srcs\sources_1\new\Union_Ram_Decodificador_Suma.vhd:]
WARNING: [filemgmt 56-199] Attempt to get parsing info during refresh. "On-the-fly" syntax checking information may be incorrect. [C:\Users\Luis\Pictures\Arquitectura-de-computadoras\CaminoDeDatos2\CaminoDeDatos2.srcs\sources_1\new\Union_Ram_Decodificador_Suma.vhd:]
WARNING: [filemgmt 56-199] Attempt to get parsing info during refresh. "On-the-fly" syntax checking information may be incorrect. [C:\Users\Luis\Pictures\Arquitectura-de-computadoras\CaminoDeDatos2\CaminoDeDatos2.srcs\sources_1\new\Union_Ram_Decodificador_Suma.vhd:]
WARNING: [filemgmt 56-199] Attempt to get parsing info during refresh. "On-the-fly" syntax checking information may be incorrect. [C:\Users\Luis\Pictures\Arquitectura-de-computadoras\UnionCamino2Y3\UnionCamino2Y3.srcs\sources_1\new\Alu.vhd:]
WARNING: [filemgmt 56-199] Attempt to get parsing info during refresh. "On-the-fly" syntax checking information may be incorrect. [C:\Users\Luis\Pictures\Arquitectura-de-computadoras\Camino1Y2UnionMaqEstadosrRegALU\Camino1Y2UnionMaqEstadosrRegALU.srcs\sources_1\new\RegistroALU.vhd:]
WARNING: [filemgmt 56-199] Attempt to get parsing info during refresh. "On-the-fly" syntax checking information may be incorrect. [C:\Users\Luis\Pictures\Arquitectura-de-computadoras\CaminoDeDatos2\CaminoDeDatos2.srcs\sources_1\new\ram.vhd:]
WARNING: [filemgmt 56-199] Attempt to get parsing info during refresh. "On-the-fly" syntax checking information may be incorrect. [C:\Users\Luis\Pictures\Arquitectura-de-computadoras\CaminoDeDatos2\CaminoDeDatos2.srcs\sources_1\new\Union_Ram_Decodificador_Suma.vhd:]
WARNING: [filemgmt 56-199] Attempt to get parsing info during refresh. "On-the-fly" syntax checking information may be incorrect. [C:\Users\Luis\Pictures\Arquitectura-de-computadoras\UnionCamino2Y3\UnionCamino2Y3.srcs\sources_1\new\Alu.vhd:]
WARNING: [filemgmt 56-199] Attempt to get parsing info during refresh. "On-the-fly" syntax checking information may be incorrect. [C:\Users\Luis\Pictures\Arquitectura-de-computadoras\UnionCamino2Y3\UnionCamino2Y3.srcs\sources_1\new\Alu.vhd:]
ERROR: [Common 17-180] Spawn failed: No error
WARNING: [filemgmt 56-199] Attempt to get parsing info during refresh. "On-the-fly" syntax checking information may be incorrect. [C:\Users\Luis\Pictures\Arquitectura-de-computadoras\UnionCamino2Y3\UnionCamino2Y3.srcs\sources_1\new\Alu.vhd:]
WARNING: [filemgmt 56-199] Attempt to get parsing info during refresh. "On-the-fly" syntax checking information may be incorrect. [C:\Users\Luis\Pictures\Arquitectura-de-computadoras\Camino1Y2UnionMaqEstadosrRegALU\Camino1Y2UnionMaqEstadosrRegALU.srcs\sources_1\new\RegistroALU.vhd:]
WARNING: [filemgmt 56-199] Attempt to get parsing info during refresh. "On-the-fly" syntax checking information may be incorrect. [C:\Users\Luis\Pictures\Arquitectura-de-computadoras\CaminoDeDatos2\CaminoDeDatos2.srcs\sources_1\new\ram.vhd:]
WARNING: [filemgmt 56-199] Attempt to get parsing info during refresh. "On-the-fly" syntax checking information may be incorrect. [C:\Users\Luis\Pictures\Arquitectura-de-computadoras\CaminoDeDatos2\CaminoDeDatos2.srcs\sources_1\new\Union_Ram_Decodificador_Suma.vhd:]
WARNING: [filemgmt 56-199] Attempt to get parsing info during refresh. "On-the-fly" syntax checking information may be incorrect. [C:\Users\Luis\Pictures\Arquitectura-de-computadoras\CaminoDeDatos2\CaminoDeDatos2.srcs\sources_1\new\ram.vhd:]
WARNING: [filemgmt 56-199] Attempt to get parsing info during refresh. "On-the-fly" syntax checking information may be incorrect. [C:\Users\Luis\Pictures\Arquitectura-de-computadoras\CaminoDeDatos2\CaminoDeDatos2.srcs\sources_1\new\ram.vhd:]
ERROR: [Common 17-180] Spawn failed: No error
WARNING: [filemgmt 56-199] Attempt to get parsing info during refresh. "On-the-fly" syntax checking information may be incorrect. [C:\Users\Luis\Pictures\Arquitectura-de-computadoras\UnionCamino2Y3\UnionCamino2Y3.srcs\sources_1\new\Alu.vhd:]
WARNING: [filemgmt 56-199] Attempt to get parsing info during refresh. "On-the-fly" syntax checking information may be incorrect. [C:\Users\Luis\Pictures\Arquitectura-de-computadoras\Camino1Y2UnionMaqEstadosrRegALU\Camino1Y2UnionMaqEstadosrRegALU.srcs\sources_1\new\RegistroALU.vhd:]
WARNING: [filemgmt 56-199] Attempt to get parsing info during refresh. "On-the-fly" syntax checking information may be incorrect. [C:\Users\Luis\Pictures\Arquitectura-de-computadoras\CaminoDeDatos2\CaminoDeDatos2.srcs\sources_1\new\ram.vhd:]
WARNING: [filemgmt 56-199] Attempt to get parsing info during refresh. "On-the-fly" syntax checking information may be incorrect. [C:\Users\Luis\Pictures\Arquitectura-de-computadoras\CaminoDeDatos2\CaminoDeDatos2.srcs\sources_1\new\Union_Ram_Decodificador_Suma.vhd:]
WARNING: [filemgmt 56-199] Attempt to get parsing info during refresh. "On-the-fly" syntax checking information may be incorrect. [C:\Users\Luis\Pictures\Arquitectura-de-computadoras\Camino1Y2UnionMaqEstadosrRegALU\Camino1Y2UnionMaqEstadosrRegALU.srcs\sources_1\new\RegistroALU.vhd:]
WARNING: [filemgmt 56-199] Attempt to get parsing info during refresh. "On-the-fly" syntax checking information may be incorrect. [C:\Users\Luis\Pictures\Arquitectura-de-computadoras\Camino1Y2UnionMaqEstadosrRegALU\Camino1Y2UnionMaqEstadosrRegALU.srcs\sources_1\new\RegistroALU.vhd:]
ERROR: [Common 17-180] Spawn failed: No error
WARNING: [filemgmt 56-199] Attempt to get parsing info during refresh. "On-the-fly" syntax checking information may be incorrect. [C:\Users\Luis\Pictures\Arquitectura-de-computadoras\UnionCamino2Y3\UnionCamino2Y3.srcs\sources_1\new\Alu.vhd:]
WARNING: [filemgmt 56-199] Attempt to get parsing info during refresh. "On-the-fly" syntax checking information may be incorrect. [C:\Users\Luis\Pictures\Arquitectura-de-computadoras\Camino1Y2UnionMaqEstadosrRegALU\Camino1Y2UnionMaqEstadosrRegALU.srcs\sources_1\new\RegistroALU.vhd:]
WARNING: [filemgmt 56-199] Attempt to get parsing info during refresh. "On-the-fly" syntax checking information may be incorrect. [C:\Users\Luis\Pictures\Arquitectura-de-computadoras\CaminoDeDatos2\CaminoDeDatos2.srcs\sources_1\new\ram.vhd:]
WARNING: [filemgmt 56-199] Attempt to get parsing info during refresh. "On-the-fly" syntax checking information may be incorrect. [C:\Users\Luis\Pictures\Arquitectura-de-computadoras\CaminoDeDatos2\CaminoDeDatos2.srcs\sources_1\new\Union_Ram_Decodificador_Suma.vhd:]
WARNING: [filemgmt 56-199] Attempt to get parsing info during refresh. "On-the-fly" syntax checking information may be incorrect. [C:\Users\Luis\Pictures\Arquitectura-de-computadoras\Camino1Y2UnionMaqEstadosrRegALU\Camino1Y2UnionMaqEstadosrRegALU.srcs\sources_1\new\RegistroALU.vhd:]
WARNING: [filemgmt 56-199] Attempt to get parsing info during refresh. "On-the-fly" syntax checking information may be incorrect. [C:\Users\Luis\Pictures\Arquitectura-de-computadoras\Camino1Y2UnionMaqEstadosrRegALU\Camino1Y2UnionMaqEstadosrRegALU.srcs\sources_1\new\RegistroALU.vhd:]
ERROR: [Common 17-180] Spawn failed: No error
launch_simulation
Command: launch_simulation 
INFO: [Vivado 12-12493] Simulation top is 'UnionCaminos1Y2MaqEstados'
WARNING: [Vivado 12-13340] Unable to auto find GCC executables from simulator install path! (path not set)
INFO: [Vivado 12-5682] Launching behavioral simulation in 'C:/Users/Luis/Pictures/Arquitectura-de-computadoras/Camino1Y2UnionMaqEstadosrRegALU/Camino1Y2UnionMaqEstadosrRegALU.sim/sim_1/behav/xsim'
INFO: [SIM-utils-51] Simulation object is 'sim_1'
INFO: [SIM-utils-72] Using boost library from 'C:/Xilinx/Vivado/2024.1/tps/boost_1_72_0'
INFO: [SIM-utils-54] Inspecting design source files for 'UnionCaminos1Y2MaqEstados' in fileset 'sim_1'...
INFO: [USF-XSim-97] Finding global include files...
INFO: [USF-XSim-98] Fetching design files from 'sim_1'...
INFO: [USF-XSim-2] XSim::Compile design
INFO: [USF-XSim-61] Executing 'COMPILE and ANALYZE' step in 'C:/Users/Luis/Pictures/Arquitectura-de-computadoras/Camino1Y2UnionMaqEstadosrRegALU/Camino1Y2UnionMaqEstadosrRegALU.sim/sim_1/behav/xsim'
"xvhdl --incr --relax -prj UnionCaminos1Y2MaqEstados_vhdl.prj"
INFO: [VRFC 10-163] Analyzing VHDL file "C:/Users/Luis/Pictures/Arquitectura-de-computadoras/Camino1Y2UnionMaqEstadosrRegALU/Camino1Y2UnionMaqEstadosrRegALU.srcs/sources_1/new/RegistroALU.vhd" into library xil_defaultlib
INFO: [VRFC 10-3107] analyzing entity 'RegistroALU'
INFO: [USF-XSim-69] 'compile' step finished in '1' seconds
INFO: [USF-XSim-3] XSim::Elaborate design
INFO: [USF-XSim-61] Executing 'ELABORATE' step in 'C:/Users/Luis/Pictures/Arquitectura-de-computadoras/Camino1Y2UnionMaqEstadosrRegALU/Camino1Y2UnionMaqEstadosrRegALU.sim/sim_1/behav/xsim'
"xelab --incr --debug typical --relax --mt 2 -L xil_defaultlib -L secureip --snapshot UnionCaminos1Y2MaqEstados_behav xil_defaultlib.UnionCaminos1Y2MaqEstados -log elaborate.log"
Vivado Simulator v2024.1
Copyright 1986-2022 Xilinx, Inc. All Rights Reserved.
Copyright 2022-2024 Advanced Micro Devices, Inc. All Rights Reserved.
Running: C:/Xilinx/Vivado/2024.1/bin/unwrapped/win64.o/xelab.exe --incr --debug typical --relax --mt 2 -L xil_defaultlib -L secureip --snapshot UnionCaminos1Y2MaqEstados_behav xil_defaultlib.UnionCaminos1Y2MaqEstados -log elaborate.log 
Using 2 slave threads.
Starting static elaboration
Completed static elaboration
INFO: [XSIM 43-4323] No Change in HDL. Linking previously generated obj files to create kernel
INFO: [USF-XSim-69] 'elaborate' step finished in '1' seconds
INFO: [USF-XSim-4] XSim::Simulate design
INFO: [USF-XSim-61] Executing 'SIMULATE' step in 'C:/Users/Luis/Pictures/Arquitectura-de-computadoras/Camino1Y2UnionMaqEstadosrRegALU/Camino1Y2UnionMaqEstadosrRegALU.sim/sim_1/behav/xsim'
INFO: [USF-XSim-98] *** Running xsim
   with args "UnionCaminos1Y2MaqEstados_behav -key {Behavioral:sim_1:Functional:UnionCaminos1Y2MaqEstados} -tclbatch {UnionCaminos1Y2MaqEstados.tcl} -log {simulate.log}"
INFO: [USF-XSim-8] Loading simulator feature
Time resolution is 1 ps
source UnionCaminos1Y2MaqEstados.tcl
# set curr_wave [current_wave_config]
# if { [string length $curr_wave] == 0 } {
#   if { [llength [get_objects]] > 0} {
#     add_wave /
#     set_property needs_save false [current_wave_config]
#   } else {
#      send_msg_id Add_Wave-1 WARNING "No top level signals found. Simulator will start without a wave window. If you want to open a wave window go to 'File->New Waveform Configuration' or type 'create_wave_config' in the TCL console."
#   }
# }
# run 1000ns
INFO: [USF-XSim-96] XSim completed. Design snapshot 'UnionCaminos1Y2MaqEstados_behav' loaded.
INFO: [USF-XSim-97] XSim simulation ran for 1000ns
launch_simulation: Time (s): cpu = 00:00:01 ; elapsed = 00:00:06 . Memory (MB): peak = 1554.168 ; gain = 1.508
add_force {/UnionCaminos1Y2MaqEstados/clk} -radix hex {0 0ns} {1 500000000000ps} -repeat_every 1000000000000ps -cancel_after 50s
add_force {/UnionCaminos1Y2MaqEstados/reset} -radix hex {0 0ns}
run 0.5 s
run 0.5 s
run 0.5 s
run 0.5 s
run 0.5 s
run 0.5 s
run 0.5 s
run 0.5 s
run 0.5 s
run 0.5 s
run 0.5 s
run 0.5 s
run 0.5 s
run 0.5 s
run 0.5 s
run 0.5 s
run 0.5 s
run 0.5 s
run 0.5 s
run 0.5 s
run 0.5 s
run 0.5 s
run 0.5 s
run 0.5 s
run 0.5 s
run 0.5 s
run 0.5 s
run 0.5 s
run 0.5 s
run 0.5 s
run 0.5 s
run 0.5 s
run 0.5 s
run 0.5 s
run 0.5 s
run 0.5 s
run 0.5 s
run 0.5 s
run 0.5 s
run 0.5 s
run 0.5 s
run 0.5 s
run 0.5 s
run 0.5 s
run 0.5 s
run 0.5 s
run 0.5 s
run 0.5 s
run 0.5 s
run 0.5 s
run 0.5 s
relaunch_sim
Command: launch_simulation -step compile -simset sim_1 -mode behavioral
INFO: [Vivado 12-12493] Simulation top is 'UnionCaminos1Y2MaqEstados'
WARNING: [Vivado 12-13340] Unable to auto find GCC executables from simulator install path! (path not set)
INFO: [Vivado 12-5682] Launching behavioral simulation in 'C:/Users/Luis/Pictures/Arquitectura-de-computadoras/Camino1Y2UnionMaqEstadosrRegALU/Camino1Y2UnionMaqEstadosrRegALU.sim/sim_1/behav/xsim'
INFO: [SIM-utils-51] Simulation object is 'sim_1'
INFO: [SIM-utils-72] Using boost library from 'C:/Xilinx/Vivado/2024.1/tps/boost_1_72_0'
INFO: [SIM-utils-54] Inspecting design source files for 'UnionCaminos1Y2MaqEstados' in fileset 'sim_1'...
INFO: [USF-XSim-97] Finding global include files...
INFO: [USF-XSim-98] Fetching design files from 'sim_1'...
INFO: [USF-XSim-2] XSim::Compile design
INFO: [USF-XSim-61] Executing 'COMPILE and ANALYZE' step in 'C:/Users/Luis/Pictures/Arquitectura-de-computadoras/Camino1Y2UnionMaqEstadosrRegALU/Camino1Y2UnionMaqEstadosrRegALU.sim/sim_1/behav/xsim'
"xvhdl --incr --relax -prj UnionCaminos1Y2MaqEstados_vhdl.prj"
INFO: [USF-XSim-69] 'compile' step finished in '2' seconds
Command: launch_simulation -step elaborate -simset sim_1 -mode behavioral
INFO: [Vivado 12-12493] Simulation top is 'UnionCaminos1Y2MaqEstados'
WARNING: [Vivado 12-13340] Unable to auto find GCC executables from simulator install path! (path not set)
INFO: [Vivado 12-5682] Launching behavioral simulation in 'C:/Users/Luis/Pictures/Arquitectura-de-computadoras/Camino1Y2UnionMaqEstadosrRegALU/Camino1Y2UnionMaqEstadosrRegALU.sim/sim_1/behav/xsim'
INFO: [SIM-utils-51] Simulation object is 'sim_1'
INFO: [USF-XSim-3] XSim::Elaborate design
INFO: [USF-XSim-61] Executing 'ELABORATE' step in 'C:/Users/Luis/Pictures/Arquitectura-de-computadoras/Camino1Y2UnionMaqEstadosrRegALU/Camino1Y2UnionMaqEstadosrRegALU.sim/sim_1/behav/xsim'
"xelab --incr --debug typical --relax --mt 2 -L xil_defaultlib -L secureip --snapshot UnionCaminos1Y2MaqEstados_behav xil_defaultlib.UnionCaminos1Y2MaqEstados -log elaborate.log"
Vivado Simulator v2024.1
Copyright 1986-2022 Xilinx, Inc. All Rights Reserved.
Copyright 2022-2024 Advanced Micro Devices, Inc. All Rights Reserved.
Running: C:/Xilinx/Vivado/2024.1/bin/unwrapped/win64.o/xelab.exe --incr --debug typical --relax --mt 2 -L xil_defaultlib -L secureip --snapshot UnionCaminos1Y2MaqEstados_behav xil_defaultlib.UnionCaminos1Y2MaqEstados -log elaborate.log 
Using 2 slave threads.
Starting static elaboration
Completed static elaboration
INFO: [XSIM 43-4323] No Change in HDL. Linking previously generated obj files to create kernel
INFO: [USF-XSim-69] 'elaborate' step finished in '2' seconds
Time resolution is 1 ps
relaunch_sim: Time (s): cpu = 00:00:00 ; elapsed = 00:00:06 . Memory (MB): peak = 1782.273 ; gain = 0.000
add_force {/UnionCaminos1Y2MaqEstados/clk} -radix hex {0 0ns} {1 500000000000ps} -repeat_every 1000000000000ps -cancel_after 50s
add_force {/UnionCaminos1Y2MaqEstados/reset} -radix hex {0 0ns}
run 0.5 s
run 0.5 s
run 0.5 s
run 0.5 s
run 0.5 s
run 0.5 s
run 0.5 s
run 0.5 s
run 0.5 s
run 0.5 s
run 0.5 s
run 0.5 s
run 0.5 s
run 0.5 s
run 0.5 s
run 0.5 s
run 0.5 s
run 0.5 s
run 0.5 s
run 0.5 s
run 0.5 s
run 0.5 s
run 0.5 s
run 0.5 s
run 0.5 s
run 0.5 s
run 0.5 s
run 0.5 s
run 0.5 s
run 0.5 s
run 0.5 s
run 0.5 s
run 0.5 s
run 0.5 s
run 0.5 s
run 0.5 s
run 0.5 s
run 0.5 s
close_sim
INFO: [Simtcl 6-16] Simulation closed
WARNING: [filemgmt 56-199] Attempt to get parsing info during refresh. "On-the-fly" syntax checking information may be incorrect. [C:\Users\Luis\Pictures\Arquitectura-de-computadoras\UnionCamino2Y3\UnionCamino2Y3.srcs\sources_1\new\Alu.vhd:]
WARNING: [filemgmt 56-199] Attempt to get parsing info during refresh. "On-the-fly" syntax checking information may be incorrect. [C:\Users\Luis\Pictures\Arquitectura-de-computadoras\Camino1Y2UnionMaqEstadosrRegALU\Camino1Y2UnionMaqEstadosrRegALU.srcs\sources_1\new\RegistroALU.vhd:]
WARNING: [filemgmt 56-199] Attempt to get parsing info during refresh. "On-the-fly" syntax checking information may be incorrect. [C:\Users\Luis\Pictures\Arquitectura-de-computadoras\CaminoDeDatos2\CaminoDeDatos2.srcs\sources_1\new\ram.vhd:]
WARNING: [filemgmt 56-199] Attempt to get parsing info during refresh. "On-the-fly" syntax checking information may be incorrect. [C:\Users\Luis\Pictures\Arquitectura-de-computadoras\CaminoDeDatos2\CaminoDeDatos2.srcs\sources_1\new\Union_Ram_Decodificador_Suma.vhd:]
WARNING: [filemgmt 56-199] Attempt to get parsing info during refresh. "On-the-fly" syntax checking information may be incorrect. [C:\Users\Luis\Pictures\Arquitectura-de-computadoras\Camino1Y2UnionMaqEstadosrRegALU\Camino1Y2UnionMaqEstadosrRegALU.srcs\sources_1\new\UnionCaminos1Y2MaqEstados.vhd:]
WARNING: [filemgmt 56-199] Attempt to get parsing info during refresh. "On-the-fly" syntax checking information may be incorrect. [C:\Users\Luis\Pictures\Arquitectura-de-computadoras\CaminoDeDatos2\CaminoDeDatos2.srcs\sources_1\new\Union_Ram_Decodificador_Suma.vhd:]
WARNING: [filemgmt 56-199] Attempt to get parsing info during refresh. "On-the-fly" syntax checking information may be incorrect. [C:\Users\Luis\Pictures\Arquitectura-de-computadoras\CaminoDeDatos2\CaminoDeDatos2.srcs\sources_1\new\Union_Ram_Decodificador_Suma.vhd:]
WARNING: [filemgmt 56-199] Attempt to get parsing info during refresh. "On-the-fly" syntax checking information may be incorrect. [C:\Users\Luis\Pictures\Arquitectura-de-computadoras\UnionCamino2Y3\UnionCamino2Y3.srcs\sources_1\new\Alu.vhd:]
WARNING: [filemgmt 56-199] Attempt to get parsing info during refresh. "On-the-fly" syntax checking information may be incorrect. [C:\Users\Luis\Pictures\Arquitectura-de-computadoras\Camino1Y2UnionMaqEstadosrRegALU\Camino1Y2UnionMaqEstadosrRegALU.srcs\sources_1\new\RegistroALU.vhd:]
WARNING: [filemgmt 56-199] Attempt to get parsing info during refresh. "On-the-fly" syntax checking information may be incorrect. [C:\Users\Luis\Pictures\Arquitectura-de-computadoras\CaminoDeDatos2\CaminoDeDatos2.srcs\sources_1\new\ram.vhd:]
WARNING: [filemgmt 56-199] Attempt to get parsing info during refresh. "On-the-fly" syntax checking information may be incorrect. [C:\Users\Luis\Pictures\Arquitectura-de-computadoras\CaminoDeDatos2\CaminoDeDatos2.srcs\sources_1\new\Union_Ram_Decodificador_Suma.vhd:]
WARNING: [filemgmt 56-199] Attempt to get parsing info during refresh. "On-the-fly" syntax checking information may be incorrect. [C:\Users\Luis\Pictures\Arquitectura-de-computadoras\Camino1Y2UnionMaqEstadosrRegALU\Camino1Y2UnionMaqEstadosrRegALU.srcs\sources_1\new\UnionCaminos1Y2MaqEstados.vhd:]
WARNING: [filemgmt 56-199] Attempt to get parsing info during refresh. "On-the-fly" syntax checking information may be incorrect. [C:\Users\Luis\Pictures\Arquitectura-de-computadoras\UnionCamino2Y3\UnionCamino2Y3.srcs\sources_1\new\Alu.vhd:]
WARNING: [filemgmt 56-199] Attempt to get parsing info during refresh. "On-the-fly" syntax checking information may be incorrect. [C:\Users\Luis\Pictures\Arquitectura-de-computadoras\UnionCamino2Y3\UnionCamino2Y3.srcs\sources_1\new\Alu.vhd:]
WARNING: [filemgmt 56-199] Attempt to get parsing info during refresh. "On-the-fly" syntax checking information may be incorrect. [C:\Users\Luis\Pictures\Arquitectura-de-computadoras\UnionCamino2Y3\UnionCamino2Y3.srcs\sources_1\new\Alu.vhd:]
WARNING: [filemgmt 56-199] Attempt to get parsing info during refresh. "On-the-fly" syntax checking information may be incorrect. [C:\Users\Luis\Pictures\Arquitectura-de-computadoras\Camino1Y2UnionMaqEstadosrRegALU\Camino1Y2UnionMaqEstadosrRegALU.srcs\sources_1\new\RegistroALU.vhd:]
WARNING: [filemgmt 56-199] Attempt to get parsing info during refresh. "On-the-fly" syntax checking information may be incorrect. [C:\Users\Luis\Pictures\Arquitectura-de-computadoras\CaminoDeDatos2\CaminoDeDatos2.srcs\sources_1\new\ram.vhd:]
WARNING: [filemgmt 56-199] Attempt to get parsing info during refresh. "On-the-fly" syntax checking information may be incorrect. [C:\Users\Luis\Pictures\Arquitectura-de-computadoras\CaminoDeDatos2\CaminoDeDatos2.srcs\sources_1\new\Union_Ram_Decodificador_Suma.vhd:]
WARNING: [filemgmt 56-199] Attempt to get parsing info during refresh. "On-the-fly" syntax checking information may be incorrect. [C:\Users\Luis\Pictures\Arquitectura-de-computadoras\Camino1Y2UnionMaqEstadosrRegALU\Camino1Y2UnionMaqEstadosrRegALU.srcs\sources_1\new\UnionCaminos1Y2MaqEstados.vhd:]
WARNING: [filemgmt 56-199] Attempt to get parsing info during refresh. "On-the-fly" syntax checking information may be incorrect. [C:\Users\Luis\Pictures\Arquitectura-de-computadoras\Camino1Y2UnionMaqEstadosrRegALU\Camino1Y2UnionMaqEstadosrRegALU.srcs\sources_1\new\RegistroALU.vhd:]
WARNING: [filemgmt 56-199] Attempt to get parsing info during refresh. "On-the-fly" syntax checking information may be incorrect. [C:\Users\Luis\Pictures\Arquitectura-de-computadoras\Camino1Y2UnionMaqEstadosrRegALU\Camino1Y2UnionMaqEstadosrRegALU.srcs\sources_1\new\RegistroALU.vhd:]
WARNING: [filemgmt 56-199] Attempt to get parsing info during refresh. "On-the-fly" syntax checking information may be incorrect. [C:\Users\Luis\Pictures\Arquitectura-de-computadoras\UnionCamino2Y3\UnionCamino2Y3.srcs\sources_1\new\Alu.vhd:]
WARNING: [filemgmt 56-199] Attempt to get parsing info during refresh. "On-the-fly" syntax checking information may be incorrect. [C:\Users\Luis\Pictures\Arquitectura-de-computadoras\Camino1Y2UnionMaqEstadosrRegALU\Camino1Y2UnionMaqEstadosrRegALU.srcs\sources_1\new\RegistroALU.vhd:]
WARNING: [filemgmt 56-199] Attempt to get parsing info during refresh. "On-the-fly" syntax checking information may be incorrect. [C:\Users\Luis\Pictures\Arquitectura-de-computadoras\CaminoDeDatos2\CaminoDeDatos2.srcs\sources_1\new\ram.vhd:]
WARNING: [filemgmt 56-199] Attempt to get parsing info during refresh. "On-the-fly" syntax checking information may be incorrect. [C:\Users\Luis\Pictures\Arquitectura-de-computadoras\CaminoDeDatos2\CaminoDeDatos2.srcs\sources_1\new\Union_Ram_Decodificador_Suma.vhd:]
WARNING: [filemgmt 56-199] Attempt to get parsing info during refresh. "On-the-fly" syntax checking information may be incorrect. [C:\Users\Luis\Pictures\Arquitectura-de-computadoras\Camino1Y2UnionMaqEstadosrRegALU\Camino1Y2UnionMaqEstadosrRegALU.srcs\sources_1\new\UnionCaminos1Y2MaqEstados.vhd:]
WARNING: [filemgmt 56-199] Attempt to get parsing info during refresh. "On-the-fly" syntax checking information may be incorrect. [C:\Users\Luis\Pictures\Arquitectura-de-computadoras\CaminoDeDatos2\CaminoDeDatos2.srcs\sources_1\new\ram.vhd:]
WARNING: [filemgmt 56-199] Attempt to get parsing info during refresh. "On-the-fly" syntax checking information may be incorrect. [C:\Users\Luis\Pictures\Arquitectura-de-computadoras\CaminoDeDatos2\CaminoDeDatos2.srcs\sources_1\new\ram.vhd:]
ERROR: [Common 17-180] Spawn failed: No error
launch_simulation
Command: launch_simulation 
INFO: [Vivado 12-12493] Simulation top is 'UnionCaminos1Y2MaqEstados'
WARNING: [Vivado 12-13340] Unable to auto find GCC executables from simulator install path! (path not set)
INFO: [Vivado 12-5682] Launching behavioral simulation in 'C:/Users/Luis/Pictures/Arquitectura-de-computadoras/Camino1Y2UnionMaqEstadosrRegALU/Camino1Y2UnionMaqEstadosrRegALU.sim/sim_1/behav/xsim'
INFO: [SIM-utils-51] Simulation object is 'sim_1'
INFO: [SIM-utils-72] Using boost library from 'C:/Xilinx/Vivado/2024.1/tps/boost_1_72_0'
INFO: [SIM-utils-54] Inspecting design source files for 'UnionCaminos1Y2MaqEstados' in fileset 'sim_1'...
INFO: [USF-XSim-97] Finding global include files...
INFO: [USF-XSim-98] Fetching design files from 'sim_1'...
INFO: [USF-XSim-2] XSim::Compile design
INFO: [USF-XSim-61] Executing 'COMPILE and ANALYZE' step in 'C:/Users/Luis/Pictures/Arquitectura-de-computadoras/Camino1Y2UnionMaqEstadosrRegALU/Camino1Y2UnionMaqEstadosrRegALU.sim/sim_1/behav/xsim'
"xvhdl --incr --relax -prj UnionCaminos1Y2MaqEstados_vhdl.prj"
INFO: [VRFC 10-163] Analyzing VHDL file "C:/Users/Luis/Pictures/Arquitectura-de-computadoras/Camino1Y2UnionMaqEstadosrRegALU/Camino1Y2UnionMaqEstadosrRegALU.srcs/sources_1/new/RegistroALU.vhd" into library xil_defaultlib
INFO: [VRFC 10-3107] analyzing entity 'RegistroALU'
INFO: [USF-XSim-69] 'compile' step finished in '1' seconds
INFO: [USF-XSim-3] XSim::Elaborate design
INFO: [USF-XSim-61] Executing 'ELABORATE' step in 'C:/Users/Luis/Pictures/Arquitectura-de-computadoras/Camino1Y2UnionMaqEstadosrRegALU/Camino1Y2UnionMaqEstadosrRegALU.sim/sim_1/behav/xsim'
"xelab --incr --debug typical --relax --mt 2 -L xil_defaultlib -L secureip --snapshot UnionCaminos1Y2MaqEstados_behav xil_defaultlib.UnionCaminos1Y2MaqEstados -log elaborate.log"
Vivado Simulator v2024.1
Copyright 1986-2022 Xilinx, Inc. All Rights Reserved.
Copyright 2022-2024 Advanced Micro Devices, Inc. All Rights Reserved.
Running: C:/Xilinx/Vivado/2024.1/bin/unwrapped/win64.o/xelab.exe --incr --debug typical --relax --mt 2 -L xil_defaultlib -L secureip --snapshot UnionCaminos1Y2MaqEstados_behav xil_defaultlib.UnionCaminos1Y2MaqEstados -log elaborate.log 
Using 2 slave threads.
Starting static elaboration
Completed static elaboration
INFO: [XSIM 43-4323] No Change in HDL. Linking previously generated obj files to create kernel
INFO: [USF-XSim-69] 'elaborate' step finished in '2' seconds
INFO: [USF-XSim-4] XSim::Simulate design
INFO: [USF-XSim-61] Executing 'SIMULATE' step in 'C:/Users/Luis/Pictures/Arquitectura-de-computadoras/Camino1Y2UnionMaqEstadosrRegALU/Camino1Y2UnionMaqEstadosrRegALU.sim/sim_1/behav/xsim'
INFO: [USF-XSim-98] *** Running xsim
   with args "UnionCaminos1Y2MaqEstados_behav -key {Behavioral:sim_1:Functional:UnionCaminos1Y2MaqEstados} -tclbatch {UnionCaminos1Y2MaqEstados.tcl} -log {simulate.log}"
INFO: [USF-XSim-8] Loading simulator feature
Time resolution is 1 ps
source UnionCaminos1Y2MaqEstados.tcl
# set curr_wave [current_wave_config]
# if { [string length $curr_wave] == 0 } {
#   if { [llength [get_objects]] > 0} {
#     add_wave /
#     set_property needs_save false [current_wave_config]
#   } else {
#      send_msg_id Add_Wave-1 WARNING "No top level signals found. Simulator will start without a wave window. If you want to open a wave window go to 'File->New Waveform Configuration' or type 'create_wave_config' in the TCL console."
#   }
# }
# run 1000ns
INFO: [USF-XSim-96] XSim completed. Design snapshot 'UnionCaminos1Y2MaqEstados_behav' loaded.
INFO: [USF-XSim-97] XSim simulation ran for 1000ns
add_force {/UnionCaminos1Y2MaqEstados/clk} -radix hex {0 0ns} {1 500000000000ps} -repeat_every 1000000000000ps -cancel_after 50s
add_force {/UnionCaminos1Y2MaqEstados/reset} -radix hex {0 0ns}
run 0.5 s
run 0.5 s
run 0.5 s
run 0.5 s
run 0.5 s
close_sim
INFO: [Simtcl 6-16] Simulation closed
WARNING: [filemgmt 56-199] Attempt to get parsing info during refresh. "On-the-fly" syntax checking information may be incorrect. [C:\Users\Luis\Pictures\Arquitectura-de-computadoras\UnionCamino2Y3\UnionCamino2Y3.srcs\sources_1\new\Alu.vhd:]
WARNING: [filemgmt 56-199] Attempt to get parsing info during refresh. "On-the-fly" syntax checking information may be incorrect. [C:\Users\Luis\Pictures\Arquitectura-de-computadoras\Camino1Y2UnionMaqEstadosrRegALU\Camino1Y2UnionMaqEstadosrRegALU.srcs\sources_1\new\RegistroALU.vhd:]
WARNING: [filemgmt 56-199] Attempt to get parsing info during refresh. "On-the-fly" syntax checking information may be incorrect. [C:\Users\Luis\Pictures\Arquitectura-de-computadoras\CaminoDeDatos2\CaminoDeDatos2.srcs\sources_1\new\ram.vhd:]
WARNING: [filemgmt 56-199] Attempt to get parsing info during refresh. "On-the-fly" syntax checking information may be incorrect. [C:\Users\Luis\Pictures\Arquitectura-de-computadoras\CaminoDeDatos2\CaminoDeDatos2.srcs\sources_1\new\Union_Ram_Decodificador_Suma.vhd:]
WARNING: [filemgmt 56-199] Attempt to get parsing info during refresh. "On-the-fly" syntax checking information may be incorrect. [C:\Users\Luis\Pictures\Arquitectura-de-computadoras\Camino1Y2UnionMaqEstadosrRegALU\Camino1Y2UnionMaqEstadosrRegALU.srcs\sources_1\new\UnionCaminos1Y2MaqEstados.vhd:]
WARNING: [filemgmt 56-199] Attempt to get parsing info during refresh. "On-the-fly" syntax checking information may be incorrect. [C:\Users\Luis\Pictures\Arquitectura-de-computadoras\CaminoDeDatos2\CaminoDeDatos2.srcs\sources_1\new\Union_Ram_Decodificador_Suma.vhd:]
WARNING: [filemgmt 56-199] Attempt to get parsing info during refresh. "On-the-fly" syntax checking information may be incorrect. [C:\Users\Luis\Pictures\Arquitectura-de-computadoras\CaminoDeDatos2\CaminoDeDatos2.srcs\sources_1\new\Union_Ram_Decodificador_Suma.vhd:]
WARNING: [filemgmt 56-199] Attempt to get parsing info during refresh. "On-the-fly" syntax checking information may be incorrect. [C:\Users\Luis\Pictures\Arquitectura-de-computadoras\UnionCamino2Y3\UnionCamino2Y3.srcs\sources_1\new\Alu.vhd:]
WARNING: [filemgmt 56-199] Attempt to get parsing info during refresh. "On-the-fly" syntax checking information may be incorrect. [C:\Users\Luis\Pictures\Arquitectura-de-computadoras\Camino1Y2UnionMaqEstadosrRegALU\Camino1Y2UnionMaqEstadosrRegALU.srcs\sources_1\new\RegistroALU.vhd:]
WARNING: [filemgmt 56-199] Attempt to get parsing info during refresh. "On-the-fly" syntax checking information may be incorrect. [C:\Users\Luis\Pictures\Arquitectura-de-computadoras\CaminoDeDatos2\CaminoDeDatos2.srcs\sources_1\new\ram.vhd:]
WARNING: [filemgmt 56-199] Attempt to get parsing info during refresh. "On-the-fly" syntax checking information may be incorrect. [C:\Users\Luis\Pictures\Arquitectura-de-computadoras\CaminoDeDatos2\CaminoDeDatos2.srcs\sources_1\new\Union_Ram_Decodificador_Suma.vhd:]
WARNING: [filemgmt 56-199] Attempt to get parsing info during refresh. "On-the-fly" syntax checking information may be incorrect. [C:\Users\Luis\Pictures\Arquitectura-de-computadoras\Camino1Y2UnionMaqEstadosrRegALU\Camino1Y2UnionMaqEstadosrRegALU.srcs\sources_1\new\UnionCaminos1Y2MaqEstados.vhd:]
WARNING: [filemgmt 56-199] Attempt to get parsing info during refresh. "On-the-fly" syntax checking information may be incorrect. [C:\Users\Luis\Pictures\Arquitectura-de-computadoras\UnionCamino2Y3\UnionCamino2Y3.srcs\sources_1\new\Alu.vhd:]
WARNING: [filemgmt 56-199] Attempt to get parsing info during refresh. "On-the-fly" syntax checking information may be incorrect. [C:\Users\Luis\Pictures\Arquitectura-de-computadoras\UnionCamino2Y3\UnionCamino2Y3.srcs\sources_1\new\Alu.vhd:]
WARNING: [filemgmt 56-199] Attempt to get parsing info during refresh. "On-the-fly" syntax checking information may be incorrect. [C:\Users\Luis\Pictures\Arquitectura-de-computadoras\UnionCamino2Y3\UnionCamino2Y3.srcs\sources_1\new\Alu.vhd:]
WARNING: [filemgmt 56-199] Attempt to get parsing info during refresh. "On-the-fly" syntax checking information may be incorrect. [C:\Users\Luis\Pictures\Arquitectura-de-computadoras\Camino1Y2UnionMaqEstadosrRegALU\Camino1Y2UnionMaqEstadosrRegALU.srcs\sources_1\new\RegistroALU.vhd:]
WARNING: [filemgmt 56-199] Attempt to get parsing info during refresh. "On-the-fly" syntax checking information may be incorrect. [C:\Users\Luis\Pictures\Arquitectura-de-computadoras\CaminoDeDatos2\CaminoDeDatos2.srcs\sources_1\new\ram.vhd:]
WARNING: [filemgmt 56-199] Attempt to get parsing info during refresh. "On-the-fly" syntax checking information may be incorrect. [C:\Users\Luis\Pictures\Arquitectura-de-computadoras\CaminoDeDatos2\CaminoDeDatos2.srcs\sources_1\new\Union_Ram_Decodificador_Suma.vhd:]
WARNING: [filemgmt 56-199] Attempt to get parsing info during refresh. "On-the-fly" syntax checking information may be incorrect. [C:\Users\Luis\Pictures\Arquitectura-de-computadoras\Camino1Y2UnionMaqEstadosrRegALU\Camino1Y2UnionMaqEstadosrRegALU.srcs\sources_1\new\UnionCaminos1Y2MaqEstados.vhd:]
WARNING: [filemgmt 56-199] Attempt to get parsing info during refresh. "On-the-fly" syntax checking information may be incorrect. [C:\Users\Luis\Pictures\Arquitectura-de-computadoras\Camino1Y2UnionMaqEstadosrRegALU\Camino1Y2UnionMaqEstadosrRegALU.srcs\sources_1\new\RegistroALU.vhd:]
WARNING: [filemgmt 56-199] Attempt to get parsing info during refresh. "On-the-fly" syntax checking information may be incorrect. [C:\Users\Luis\Pictures\Arquitectura-de-computadoras\Camino1Y2UnionMaqEstadosrRegALU\Camino1Y2UnionMaqEstadosrRegALU.srcs\sources_1\new\RegistroALU.vhd:]
WARNING: [filemgmt 56-199] Attempt to get parsing info during refresh. "On-the-fly" syntax checking information may be incorrect. [C:\Users\Luis\Pictures\Arquitectura-de-computadoras\UnionCamino2Y3\UnionCamino2Y3.srcs\sources_1\new\Alu.vhd:]
WARNING: [filemgmt 56-199] Attempt to get parsing info during refresh. "On-the-fly" syntax checking information may be incorrect. [C:\Users\Luis\Pictures\Arquitectura-de-computadoras\Camino1Y2UnionMaqEstadosrRegALU\Camino1Y2UnionMaqEstadosrRegALU.srcs\sources_1\new\RegistroALU.vhd:]
WARNING: [filemgmt 56-199] Attempt to get parsing info during refresh. "On-the-fly" syntax checking information may be incorrect. [C:\Users\Luis\Pictures\Arquitectura-de-computadoras\CaminoDeDatos2\CaminoDeDatos2.srcs\sources_1\new\ram.vhd:]
WARNING: [filemgmt 56-199] Attempt to get parsing info during refresh. "On-the-fly" syntax checking information may be incorrect. [C:\Users\Luis\Pictures\Arquitectura-de-computadoras\CaminoDeDatos2\CaminoDeDatos2.srcs\sources_1\new\Union_Ram_Decodificador_Suma.vhd:]
WARNING: [filemgmt 56-199] Attempt to get parsing info during refresh. "On-the-fly" syntax checking information may be incorrect. [C:\Users\Luis\Pictures\Arquitectura-de-computadoras\Camino1Y2UnionMaqEstadosrRegALU\Camino1Y2UnionMaqEstadosrRegALU.srcs\sources_1\new\UnionCaminos1Y2MaqEstados.vhd:]
WARNING: [filemgmt 56-199] Attempt to get parsing info during refresh. "On-the-fly" syntax checking information may be incorrect. [C:\Users\Luis\Pictures\Arquitectura-de-computadoras\CaminoDeDatos2\CaminoDeDatos2.srcs\sources_1\new\ram.vhd:]
WARNING: [filemgmt 56-199] Attempt to get parsing info during refresh. "On-the-fly" syntax checking information may be incorrect. [C:\Users\Luis\Pictures\Arquitectura-de-computadoras\CaminoDeDatos2\CaminoDeDatos2.srcs\sources_1\new\ram.vhd:]
WARNING: [filemgmt 56-199] Attempt to get parsing info during refresh. "On-the-fly" syntax checking information may be incorrect. [C:\Users\Luis\Pictures\Arquitectura-de-computadoras\UnionCamino2Y3\UnionCamino2Y3.srcs\sources_1\new\Alu.vhd:]
WARNING: [filemgmt 56-199] Attempt to get parsing info during refresh. "On-the-fly" syntax checking information may be incorrect. [C:\Users\Luis\Pictures\Arquitectura-de-computadoras\Camino1Y2UnionMaqEstadosrRegALU\Camino1Y2UnionMaqEstadosrRegALU.srcs\sources_1\new\RegistroALU.vhd:]
WARNING: [filemgmt 56-199] Attempt to get parsing info during refresh. "On-the-fly" syntax checking information may be incorrect. [C:\Users\Luis\Pictures\Arquitectura-de-computadoras\CaminoDeDatos2\CaminoDeDatos2.srcs\sources_1\new\ram.vhd:]
WARNING: [filemgmt 56-199] Attempt to get parsing info during refresh. "On-the-fly" syntax checking information may be incorrect. [C:\Users\Luis\Pictures\Arquitectura-de-computadoras\CaminoDeDatos2\CaminoDeDatos2.srcs\sources_1\new\Union_Ram_Decodificador_Suma.vhd:]
WARNING: [filemgmt 56-199] Attempt to get parsing info during refresh. "On-the-fly" syntax checking information may be incorrect. [C:\Users\Luis\Pictures\Arquitectura-de-computadoras\Camino1Y2UnionMaqEstadosrRegALU\Camino1Y2UnionMaqEstadosrRegALU.srcs\sources_1\new\UnionCaminos1Y2MaqEstados.vhd:]
WARNING: [filemgmt 56-199] Attempt to get parsing info during refresh. "On-the-fly" syntax checking information may be incorrect. [C:\Users\Luis\Pictures\Arquitectura-de-computadoras\CaminoDeDatos2\CaminoDeDatos2.srcs\sources_1\new\ram.vhd:]
WARNING: [filemgmt 56-199] Attempt to get parsing info during refresh. "On-the-fly" syntax checking information may be incorrect. [C:\Users\Luis\Pictures\Arquitectura-de-computadoras\CaminoDeDatos2\CaminoDeDatos2.srcs\sources_1\new\ram.vhd:]
WARNING: [filemgmt 56-199] Attempt to get parsing info during refresh. "On-the-fly" syntax checking information may be incorrect. [C:\Users\Luis\Pictures\Arquitectura-de-computadoras\UnionCamino2Y3\UnionCamino2Y3.srcs\sources_1\new\Alu.vhd:]
WARNING: [filemgmt 56-199] Attempt to get parsing info during refresh. "On-the-fly" syntax checking information may be incorrect. [C:\Users\Luis\Pictures\Arquitectura-de-computadoras\Camino1Y2UnionMaqEstadosrRegALU\Camino1Y2UnionMaqEstadosrRegALU.srcs\sources_1\new\RegistroALU.vhd:]
WARNING: [filemgmt 56-199] Attempt to get parsing info during refresh. "On-the-fly" syntax checking information may be incorrect. [C:\Users\Luis\Pictures\Arquitectura-de-computadoras\CaminoDeDatos2\CaminoDeDatos2.srcs\sources_1\new\ram.vhd:]
WARNING: [filemgmt 56-199] Attempt to get parsing info during refresh. "On-the-fly" syntax checking information may be incorrect. [C:\Users\Luis\Pictures\Arquitectura-de-computadoras\CaminoDeDatos2\CaminoDeDatos2.srcs\sources_1\new\Union_Ram_Decodificador_Suma.vhd:]
WARNING: [filemgmt 56-199] Attempt to get parsing info during refresh. "On-the-fly" syntax checking information may be incorrect. [C:\Users\Luis\Pictures\Arquitectura-de-computadoras\Camino1Y2UnionMaqEstadosrRegALU\Camino1Y2UnionMaqEstadosrRegALU.srcs\sources_1\new\UnionCaminos1Y2MaqEstados.vhd:]
WARNING: [filemgmt 56-199] Attempt to get parsing info during refresh. "On-the-fly" syntax checking information may be incorrect. [C:\Users\Luis\Pictures\Arquitectura-de-computadoras\Camino1Y2UnionMaqEstadosrRegALU\Camino1Y2UnionMaqEstadosrRegALU.srcs\sources_1\new\RegistroALU.vhd:]
WARNING: [filemgmt 56-199] Attempt to get parsing info during refresh. "On-the-fly" syntax checking information may be incorrect. [C:\Users\Luis\Pictures\Arquitectura-de-computadoras\Camino1Y2UnionMaqEstadosrRegALU\Camino1Y2UnionMaqEstadosrRegALU.srcs\sources_1\new\RegistroALU.vhd:]
WARNING: [filemgmt 56-199] Attempt to get parsing info during refresh. "On-the-fly" syntax checking information may be incorrect. [C:\Users\Luis\Pictures\Arquitectura-de-computadoras\UnionCamino2Y3\UnionCamino2Y3.srcs\sources_1\new\Alu.vhd:]
WARNING: [filemgmt 56-199] Attempt to get parsing info during refresh. "On-the-fly" syntax checking information may be incorrect. [C:\Users\Luis\Pictures\Arquitectura-de-computadoras\Camino1Y2UnionMaqEstadosrRegALU\Camino1Y2UnionMaqEstadosrRegALU.srcs\sources_1\new\RegistroALU.vhd:]
WARNING: [filemgmt 56-199] Attempt to get parsing info during refresh. "On-the-fly" syntax checking information may be incorrect. [C:\Users\Luis\Pictures\Arquitectura-de-computadoras\CaminoDeDatos2\CaminoDeDatos2.srcs\sources_1\new\ram.vhd:]
WARNING: [filemgmt 56-199] Attempt to get parsing info during refresh. "On-the-fly" syntax checking information may be incorrect. [C:\Users\Luis\Pictures\Arquitectura-de-computadoras\CaminoDeDatos2\CaminoDeDatos2.srcs\sources_1\new\Union_Ram_Decodificador_Suma.vhd:]
WARNING: [filemgmt 56-199] Attempt to get parsing info during refresh. "On-the-fly" syntax checking information may be incorrect. [C:\Users\Luis\Pictures\Arquitectura-de-computadoras\Camino1Y2UnionMaqEstadosrRegALU\Camino1Y2UnionMaqEstadosrRegALU.srcs\sources_1\new\UnionCaminos1Y2MaqEstados.vhd:]
WARNING: [filemgmt 56-199] Attempt to get parsing info during refresh. "On-the-fly" syntax checking information may be incorrect. [C:\Users\Luis\Pictures\Arquitectura-de-computadoras\Camino1Y2UnionMaqEstadosrRegALU\Camino1Y2UnionMaqEstadosrRegALU.srcs\sources_1\new\UnionCaminos1Y2MaqEstados.vhd:]
WARNING: [filemgmt 56-199] Attempt to get parsing info during refresh. "On-the-fly" syntax checking information may be incorrect. [C:\Users\Luis\Pictures\Arquitectura-de-computadoras\Camino1Y2UnionMaqEstadosrRegALU\Camino1Y2UnionMaqEstadosrRegALU.srcs\sources_1\new\UnionCaminos1Y2MaqEstados.vhd:]
ERROR: [Common 17-180] Spawn failed: No error
launch_simulation
Command: launch_simulation 
INFO: [Vivado 12-12493] Simulation top is 'UnionCaminos1Y2MaqEstados'
WARNING: [Vivado 12-13340] Unable to auto find GCC executables from simulator install path! (path not set)
INFO: [Vivado 12-5682] Launching behavioral simulation in 'C:/Users/Luis/Pictures/Arquitectura-de-computadoras/Camino1Y2UnionMaqEstadosrRegALU/Camino1Y2UnionMaqEstadosrRegALU.sim/sim_1/behav/xsim'
INFO: [SIM-utils-51] Simulation object is 'sim_1'
INFO: [SIM-utils-72] Using boost library from 'C:/Xilinx/Vivado/2024.1/tps/boost_1_72_0'
INFO: [SIM-utils-54] Inspecting design source files for 'UnionCaminos1Y2MaqEstados' in fileset 'sim_1'...
INFO: [USF-XSim-97] Finding global include files...
INFO: [USF-XSim-98] Fetching design files from 'sim_1'...
INFO: [USF-XSim-2] XSim::Compile design
INFO: [USF-XSim-61] Executing 'COMPILE and ANALYZE' step in 'C:/Users/Luis/Pictures/Arquitectura-de-computadoras/Camino1Y2UnionMaqEstadosrRegALU/Camino1Y2UnionMaqEstadosrRegALU.sim/sim_1/behav/xsim'
"xvhdl --incr --relax -prj UnionCaminos1Y2MaqEstados_vhdl.prj"
INFO: [VRFC 10-163] Analyzing VHDL file "C:/Users/Luis/Pictures/Arquitectura-de-computadoras/Camino1Y2UnionMaqEstadosrRegALU/Camino1Y2UnionMaqEstadosrRegALU.srcs/sources_1/new/RegistroALU.vhd" into library xil_defaultlib
INFO: [VRFC 10-3107] analyzing entity 'RegistroALU'
INFO: [USF-XSim-69] 'compile' step finished in '2' seconds
INFO: [USF-XSim-3] XSim::Elaborate design
INFO: [USF-XSim-61] Executing 'ELABORATE' step in 'C:/Users/Luis/Pictures/Arquitectura-de-computadoras/Camino1Y2UnionMaqEstadosrRegALU/Camino1Y2UnionMaqEstadosrRegALU.sim/sim_1/behav/xsim'
"xelab --incr --debug typical --relax --mt 2 -L xil_defaultlib -L secureip --snapshot UnionCaminos1Y2MaqEstados_behav xil_defaultlib.UnionCaminos1Y2MaqEstados -log elaborate.log"
Vivado Simulator v2024.1
Copyright 1986-2022 Xilinx, Inc. All Rights Reserved.
Copyright 2022-2024 Advanced Micro Devices, Inc. All Rights Reserved.
Running: C:/Xilinx/Vivado/2024.1/bin/unwrapped/win64.o/xelab.exe --incr --debug typical --relax --mt 2 -L xil_defaultlib -L secureip --snapshot UnionCaminos1Y2MaqEstados_behav xil_defaultlib.UnionCaminos1Y2MaqEstados -log elaborate.log 
Using 2 slave threads.
Starting static elaboration
Completed static elaboration
INFO: [XSIM 43-4323] No Change in HDL. Linking previously generated obj files to create kernel
INFO: [USF-XSim-69] 'elaborate' step finished in '1' seconds
INFO: [USF-XSim-4] XSim::Simulate design
INFO: [USF-XSim-61] Executing 'SIMULATE' step in 'C:/Users/Luis/Pictures/Arquitectura-de-computadoras/Camino1Y2UnionMaqEstadosrRegALU/Camino1Y2UnionMaqEstadosrRegALU.sim/sim_1/behav/xsim'
INFO: [USF-XSim-98] *** Running xsim
   with args "UnionCaminos1Y2MaqEstados_behav -key {Behavioral:sim_1:Functional:UnionCaminos1Y2MaqEstados} -tclbatch {UnionCaminos1Y2MaqEstados.tcl} -log {simulate.log}"
INFO: [USF-XSim-8] Loading simulator feature
Time resolution is 1 ps
source UnionCaminos1Y2MaqEstados.tcl
# set curr_wave [current_wave_config]
# if { [string length $curr_wave] == 0 } {
#   if { [llength [get_objects]] > 0} {
#     add_wave /
#     set_property needs_save false [current_wave_config]
#   } else {
#      send_msg_id Add_Wave-1 WARNING "No top level signals found. Simulator will start without a wave window. If you want to open a wave window go to 'File->New Waveform Configuration' or type 'create_wave_config' in the TCL console."
#   }
# }
# run 1000ns
INFO: [USF-XSim-96] XSim completed. Design snapshot 'UnionCaminos1Y2MaqEstados_behav' loaded.
INFO: [USF-XSim-97] XSim simulation ran for 1000ns
add_force {/UnionCaminos1Y2MaqEstados/clk} -radix hex {0 0ns} {1 500000000000ps} -repeat_every 1000000000000ps -cancel_after 10s
add_force {/UnionCaminos1Y2MaqEstados/reset} -radix hex {0 0ns}
run 0.5 s
run 0.5 s
run 0.5 s
run 0.5 s
run 0.5 s
run 0.5 s
run 0.5 s
run 0.5 s
run 0.5 s
run 0.5 s
run 0.5 s
run 0.5 s
run 0.5 s
run 0.5 s
run 0.5 s
run 0.5 s
run 0.5 s
run 0.5 s
run 0.5 s
run 0.5 s
run 0.5 s
run 0.5 s
run 0.5 s
run 0.5 s
run 0.5 s
run 0.5 s
relaunch_sim
Command: launch_simulation -step compile -simset sim_1 -mode behavioral
INFO: [Vivado 12-12493] Simulation top is 'UnionCaminos1Y2MaqEstados'
WARNING: [Vivado 12-13340] Unable to auto find GCC executables from simulator install path! (path not set)
INFO: [Vivado 12-5682] Launching behavioral simulation in 'C:/Users/Luis/Pictures/Arquitectura-de-computadoras/Camino1Y2UnionMaqEstadosrRegALU/Camino1Y2UnionMaqEstadosrRegALU.sim/sim_1/behav/xsim'
INFO: [SIM-utils-51] Simulation object is 'sim_1'
INFO: [USF-XSim-2] XSim::Compile design
INFO: [USF-XSim-61] Executing 'COMPILE and ANALYZE' step in 'C:/Users/Luis/Pictures/Arquitectura-de-computadoras/Camino1Y2UnionMaqEstadosrRegALU/Camino1Y2UnionMaqEstadosrRegALU.sim/sim_1/behav/xsim'
"xvhdl --incr --relax -prj UnionCaminos1Y2MaqEstados_vhdl.prj"
INFO: [USF-XSim-69] 'compile' step finished in '1' seconds
Command: launch_simulation -step elaborate -simset sim_1 -mode behavioral
INFO: [Vivado 12-12493] Simulation top is 'UnionCaminos1Y2MaqEstados'
WARNING: [Vivado 12-13340] Unable to auto find GCC executables from simulator install path! (path not set)
INFO: [Vivado 12-5682] Launching behavioral simulation in 'C:/Users/Luis/Pictures/Arquitectura-de-computadoras/Camino1Y2UnionMaqEstadosrRegALU/Camino1Y2UnionMaqEstadosrRegALU.sim/sim_1/behav/xsim'
INFO: [SIM-utils-51] Simulation object is 'sim_1'
INFO: [USF-XSim-3] XSim::Elaborate design
INFO: [USF-XSim-61] Executing 'ELABORATE' step in 'C:/Users/Luis/Pictures/Arquitectura-de-computadoras/Camino1Y2UnionMaqEstadosrRegALU/Camino1Y2UnionMaqEstadosrRegALU.sim/sim_1/behav/xsim'
"xelab --incr --debug typical --relax --mt 2 -L xil_defaultlib -L secureip --snapshot UnionCaminos1Y2MaqEstados_behav xil_defaultlib.UnionCaminos1Y2MaqEstados -log elaborate.log"
Vivado Simulator v2024.1
Copyright 1986-2022 Xilinx, Inc. All Rights Reserved.
Copyright 2022-2024 Advanced Micro Devices, Inc. All Rights Reserved.
Running: C:/Xilinx/Vivado/2024.1/bin/unwrapped/win64.o/xelab.exe --incr --debug typical --relax --mt 2 -L xil_defaultlib -L secureip --snapshot UnionCaminos1Y2MaqEstados_behav xil_defaultlib.UnionCaminos1Y2MaqEstados -log elaborate.log 
Using 2 slave threads.
Starting static elaboration
Completed static elaboration
INFO: [XSIM 43-4323] No Change in HDL. Linking previously generated obj files to create kernel
INFO: [USF-XSim-69] 'elaborate' step finished in '2' seconds
Time resolution is 1 ps
add_force {/UnionCaminos1Y2MaqEstados/clk} -radix hex {0 0ns} {1 500000000000ps} -repeat_every 1000000000000ps -cancel_after 50s
add_force {/UnionCaminos1Y2MaqEstados/reset} -radix hex {0 0ns}
run 0.5 s
run 0.5 s
run 0.5 s
run 0.5 s
run 0.5 s
run 0.5 s
run 0.5 s
run 0.5 s
run 0.5 s
run 0.5 s
run 0.5 s
run 0.5 s
run 0.5 s
run 0.5 s
run 0.5 s
run 0.5 s
run 0.5 s
run 0.5 s
run 0.5 s
run 0.5 s
run 0.5 s
run 0.5 s
run 0.5 s
run 0.5 s
run 0.5 s
run 0.5 s
run 0.5 s
run 0.5 s
run 0.5 s
close_sim
INFO: [Simtcl 6-16] Simulation closed
exit
INFO: [Common 17-206] Exiting Vivado at Wed Oct 16 17:27:51 2024...
